[0mCompiling "target/cljsbuild/public/js/app.js" from ["src/cljs" "src/cljc" "env/dev/cljs"]...[0m
[32mSuccessfully compiled "target/cljsbuild/public/js/app.js" in 0.327 seconds.[0m
notifying browser that file changed:  target/cljsbuild/public/js/out/goog/deps.js
notifying browser that file changed:  target/cljsbuild/public/js/out/cljs_deps.js
notifying browser that file changed:  out/conlang/core.js
[0mCompiling "target/cljsbuild/public/js/app.js" from ["src/cljs" "src/cljc" "env/dev/cljs"]...[0m
[32mSuccessfully compiled "target/cljsbuild/public/js/app.js" in 0.273 seconds.[0m
notifying browser that file changed:  out/conlang/core.js
[0mCompiling "target/cljsbuild/public/js/app.js" from ["src/cljs" "src/cljc" "env/dev/cljs"]...[0m
[32mSuccessfully compiled "target/cljsbuild/public/js/app.js" in 0.297 seconds.[0m
notifying browser that file changed:  out/conlang/core.js
[0mCompiling "target/cljsbuild/public/js/app.js" from ["src/cljs" "src/cljc" "env/dev/cljs"]...[0m
[36m----  Compiler Warning on   src/cljs/conlang/core.cljs   line:11  column:34  ----[0m

  [1mUse of undeclared Var conlang.core/z[0m

  [36m 7[0m  [36m;; -------------------------[0m
  [36m 8[0m  [36m;; Views[0m
  [36m 9[0m  [36m[0m
  [36m10[0m  [36m(defn home-page [][0m
  [33m11[0m  [1m  [:div [:h2 "Welcome to conlang"z][0m
  [0m  [0m  [33m                                 ^--- Use of undeclared Var conlang.core/z[0m
  [36m12[0m  [36m   [:div [:a {:href "/about"} "go to about page"]]])[0m
  [36m13[0m  [36m[0m
  [36m14[0m  [36m(defn about-page [][0m
  [36m15[0m  [36m  [:div [:h2 "About conlang"][0m
  [36m16[0m  [36m   [:div [:a {:href "/"} "go to the home page"]]])[0m

[36m----  Compiler Warning : Please see src/cljs/conlang/core.cljs  ----[0m
[32mSuccessfully compiled "target/cljsbuild/public/js/app.js" in 0.356 seconds.[0m
notifying browser that file changed:  out/conlang/core.js
[0mCompiling "target/cljsbuild/public/js/app.js" from ["src/cljs" "src/cljc" "env/dev/cljs"]...[0m
[32mSuccessfully compiled "target/cljsbuild/public/js/app.js" in 0.254 seconds.[0m
notifying browser that file changed:  out/conlang/core.js
[0mCompiling "target/cljsbuild/public/js/app.js" from ["src/cljs" "src/cljc" "env/dev/cljs"]...[0m
[32mSuccessfully compiled "target/cljsbuild/public/js/app.js" in 0.276 seconds.[0m
notifying browser that file changed:  out/conlang/core.js
[0mCompiling "target/cljsbuild/public/js/app.js" from ["src/cljs" "src/cljc" "env/dev/cljs"]...[0m
[32mSuccessfully compiled "target/cljsbuild/public/js/app.js" in 0.416 seconds.[0m
notifying browser that file changed:  out/conlang/core.js
[0mCompiling "target/cljsbuild/public/js/app.js" from ["src/cljs" "src/cljc" "env/dev/cljs"]...[0m
[32mSuccessfully compiled "target/cljsbuild/public/js/app.js" in 0.247 seconds.[0m
notifying browser that file changed:  out/conlang/core.js
[0mCompiling "target/cljsbuild/public/js/app.js" from ["src/cljs" "src/cljc" "env/dev/cljs"]...[0m
[32mSuccessfully compiled "target/cljsbuild/public/js/app.js" in 0.248 seconds.[0m
notifying browser that file changed:  out/conlang/core.js
[0mCompiling "target/cljsbuild/public/js/app.js" from ["src/cljs" "src/cljc" "env/dev/cljs"]...[0m
[32mSuccessfully compiled "target/cljsbuild/public/js/app.js" in 0.257 seconds.[0m
notifying browser that file changed:  out/conlang/core.js
[0mCompiling "target/cljsbuild/public/js/app.js" from ["src/cljs" "src/cljc" "env/dev/cljs"]...[0m
[32mSuccessfully compiled "target/cljsbuild/public/js/app.js" in 0.304 seconds.[0m
notifying browser that file changed:  out/conlang/core.js
[0mCompiling "target/cljsbuild/public/js/app.js" from ["src/cljs" "src/cljc" "env/dev/cljs"]...[0m
[32mSuccessfully compiled "target/cljsbuild/public/js/app.js" in 0.25 seconds.[0m
notifying browser that file changed:  out/conlang/core.js
[0mCompiling "target/cljsbuild/public/js/app.js" from ["src/cljs" "src/cljc" "env/dev/cljs"]...[0m
[32mSuccessfully compiled "target/cljsbuild/public/js/app.js" in 0.245 seconds.[0m
notifying browser that file changed:  out/conlang/core.js
[0mCompiling "target/cljsbuild/public/js/app.js" from ["src/cljs" "src/cljc" "env/dev/cljs"]...[0m
[32mSuccessfully compiled "target/cljsbuild/public/js/app.js" in 0.25 seconds.[0m
notifying browser that file changed:  out/conlang/core.js
[0mCompiling "target/cljsbuild/public/js/app.js" from ["src/cljs" "src/cljc" "env/dev/cljs"]...[0m
[32mSuccessfully compiled "target/cljsbuild/public/js/app.js" in 0.337 seconds.[0m
notifying browser that file changed:  out/conlang/core.js
[0mCompiling "target/cljsbuild/public/js/app.js" from ["src/cljs" "src/cljc" "env/dev/cljs"]...[0m
[32mSuccessfully compiled "target/cljsbuild/public/js/app.js" in 0.27 seconds.[0m
notifying browser that file changed:  out/conlang/core.js
[0mCompiling "target/cljsbuild/public/js/app.js" from ["src/cljs" "src/cljc" "env/dev/cljs"]...[0m
[32mSuccessfully compiled "target/cljsbuild/public/js/app.js" in 0.251 seconds.[0m
notifying browser that file changed:  out/conlang/core.js
[0mCompiling "target/cljsbuild/public/js/app.js" from ["src/cljs" "src/cljc" "env/dev/cljs"]...[0m
[32mSuccessfully compiled "target/cljsbuild/public/js/app.js" in 0.296 seconds.[0m
notifying browser that file changed:  out/conlang/core.js
[0mCompiling "target/cljsbuild/public/js/app.js" from ["src/cljs" "src/cljc" "env/dev/cljs"]...[0m
[32mSuccessfully compiled "target/cljsbuild/public/js/app.js" in 0.24 seconds.[0m
notifying browser that file changed:  out/conlang/core.js
[0mCompiling "target/cljsbuild/public/js/app.js" from ["src/cljs" "src/cljc" "env/dev/cljs"]...[0m
[32mSuccessfully compiled "target/cljsbuild/public/js/app.js" in 0.247 seconds.[0m
notifying browser that file changed:  out/conlang/core.js
[0mCompiling "target/cljsbuild/public/js/app.js" from ["src/cljs" "src/cljc" "env/dev/cljs"]...[0m
[32mSuccessfully compiled "target/cljsbuild/public/js/app.js" in 0.256 seconds.[0m
notifying browser that file changed:  out/conlang/core.js
[0mCompiling "target/cljsbuild/public/js/app.js" from ["src/cljs" "src/cljc" "env/dev/cljs"]...[0m
[32mSuccessfully compiled "target/cljsbuild/public/js/app.js" in 0.273 seconds.[0m
notifying browser that file changed:  out/conlang/core.js
[0mCompiling "target/cljsbuild/public/js/app.js" from ["src/cljs" "src/cljc" "env/dev/cljs"]...[0m
[32mSuccessfully compiled "target/cljsbuild/public/js/app.js" in 0.277 seconds.[0m
notifying browser that file changed:  out/conlang/core.js
[0mCompiling "target/cljsbuild/public/js/app.js" from ["src/cljs" "src/cljc" "env/dev/cljs"]...[0m
[32mSuccessfully compiled "target/cljsbuild/public/js/app.js" in 0.252 seconds.[0m
notifying browser that file changed:  out/conlang/core.js
[0mCompiling "target/cljsbuild/public/js/app.js" from ["src/cljs" "src/cljc" "env/dev/cljs"]...[0m
[32mSuccessfully compiled "target/cljsbuild/public/js/app.js" in 0.256 seconds.[0m
notifying browser that file changed:  out/conlang/core.js
[0mCompiling "target/cljsbuild/public/js/app.js" from ["src/cljs" "src/cljc" "env/dev/cljs"]...[0m
[32mSuccessfully compiled "target/cljsbuild/public/js/app.js" in 0.241 seconds.[0m
notifying browser that file changed:  out/conlang/core.js
[0mCompiling "target/cljsbuild/public/js/app.js" from ["src/cljs" "src/cljc" "env/dev/cljs"]...[0m
[32mSuccessfully compiled "target/cljsbuild/public/js/app.js" in 0.234 seconds.[0m
notifying browser that file changed:  out/conlang/core.js
[0mCompiling "target/cljsbuild/public/js/app.js" from ["src/cljs" "src/cljc" "env/dev/cljs"]...[0m
[32mSuccessfully compiled "target/cljsbuild/public/js/app.js" in 0.248 seconds.[0m
notifying browser that file changed:  out/conlang/core.js
Notifyng browser that CSS file changed: resources/public/css/site.css
Notifyng browser that CSS file changed: resources/public/css/site.css
Notifyng browser that CSS file changed: resources/public/css/site.css
Notifyng browser that CSS file changed: resources/public/css/site.css
Notifyng browser that CSS file changed: resources/public/css/site.css
Notifyng browser that CSS file changed: resources/public/css/site.css
Notifyng browser that CSS file changed: resources/public/css/site.css
Notifyng browser that CSS file changed: resources/public/css/site.css
Notifyng browser that CSS file changed: resources/public/css/site.css
Notifyng browser that CSS file changed: resources/public/css/site.css
Notifyng browser that CSS file changed: resources/public/css/site.css
Notifyng browser that CSS file changed: resources/public/css/site.css
Notifyng browser that CSS file changed: resources/public/css/site.css
Notifyng browser that CSS file changed: resources/public/css/site.css
Notifyng browser that CSS file changed: resources/public/css/site.css
Notifyng browser that CSS file changed: resources/public/css/site.css
Notifyng browser that CSS file changed: resources/public/css/site.css
Notifyng browser that CSS file changed: resources/public/css/site.css
Notifyng browser that CSS file changed: resources/public/css/site.css
Notifyng browser that CSS file changed: resources/public/css/site.css
Notifyng browser that CSS file changed: resources/public/css/site.css
Notifyng browser that CSS file changed: resources/public/css/site.css
Notifyng browser that CSS file changed: resources/public/css/site.css
Notifyng browser that CSS file changed: resources/public/css/site.css
[0mCompiling "target/cljsbuild/public/js/app.js" from ["src/cljs" "src/cljc" "env/dev/cljs"]...[0m
[32mSuccessfully compiled "target/cljsbuild/public/js/app.js" in 0.256 seconds.[0m
notifying browser that file changed:  out/conlang/core.js
[0mCompiling "target/cljsbuild/public/js/app.js" from ["src/cljs" "src/cljc" "env/dev/cljs"]...[0m
[32mSuccessfully compiled "target/cljsbuild/public/js/app.js" in 0.243 seconds.[0m
notifying browser that file changed:  out/conlang/core.js
[0mCompiling "target/cljsbuild/public/js/app.js" from ["src/cljs" "src/cljc" "env/dev/cljs"]...[0m
[32mSuccessfully compiled "target/cljsbuild/public/js/app.js" in 0.251 seconds.[0m
notifying browser that file changed:  out/conlang/core.js
[0mCompiling "target/cljsbuild/public/js/app.js" from ["src/cljs" "src/cljc" "env/dev/cljs"]...[0m
[32mSuccessfully compiled "target/cljsbuild/public/js/app.js" in 0.268 seconds.[0m
notifying browser that file changed:  out/conlang/core.js
[0mCompiling "target/cljsbuild/public/js/app.js" from ["src/cljs" "src/cljc" "env/dev/cljs"]...[0m
[32mSuccessfully compiled "target/cljsbuild/public/js/app.js" in 0.236 seconds.[0m
notifying browser that file changed:  out/conlang/core.js
[0mCompiling "target/cljsbuild/public/js/app.js" from ["src/cljs" "src/cljc" "env/dev/cljs"]...[0m
[32mSuccessfully compiled "target/cljsbuild/public/js/app.js" in 0.244 seconds.[0m
notifying browser that file changed:  out/conlang/core.js
[0mCompiling "target/cljsbuild/public/js/app.js" from ["src/cljs" "src/cljc" "env/dev/cljs"]...[0m
[32mSuccessfully compiled "target/cljsbuild/public/js/app.js" in 0.3 seconds.[0m
notifying browser that file changed:  target/cljsbuild/public/js/out/goog/deps.js
notifying browser that file changed:  target/cljsbuild/public/js/out/cljs_deps.js
notifying browser that file changed:  out/conlang/core.js
[0mCompiling "target/cljsbuild/public/js/app.js" from ["src/cljs" "src/cljc" "env/dev/cljs"]...[0m
[32mSuccessfully compiled "target/cljsbuild/public/js/app.js" in 0.332 seconds.[0m
notifying browser that file changed:  out/conlang/core.js
[0mCompiling "target/cljsbuild/public/js/app.js" from ["src/cljs" "src/cljc" "env/dev/cljs"]...[0m
[32mSuccessfully compiled "target/cljsbuild/public/js/app.js" in 0.303 seconds.[0m
notifying browser that file changed:  out/conlang/core.js
[0mCompiling "target/cljsbuild/public/js/app.js" from ["src/cljs" "src/cljc" "env/dev/cljs"]...[0m
[32mSuccessfully compiled "target/cljsbuild/public/js/app.js" in 0.268 seconds.[0m
notifying browser that file changed:  out/conlang/core.js
[0mCompiling "target/cljsbuild/public/js/app.js" from ["src/cljs" "src/cljc" "env/dev/cljs"]...[0m
[32mSuccessfully compiled "target/cljsbuild/public/js/app.js" in 0.291 seconds.[0m
notifying browser that file changed:  out/conlang/core.js
[0mCompiling "target/cljsbuild/public/js/app.js" from ["src/cljs" "src/cljc" "env/dev/cljs"]...[0m
[32mSuccessfully compiled "target/cljsbuild/public/js/app.js" in 0.263 seconds.[0m
notifying browser that file changed:  out/conlang/core.js
[0mCompiling "target/cljsbuild/public/js/app.js" from ["src/cljs" "src/cljc" "env/dev/cljs"]...[0m
[32mSuccessfully compiled "target/cljsbuild/public/js/app.js" in 0.257 seconds.[0m
notifying browser that file changed:  out/conlang/core.js
[0mCompiling "target/cljsbuild/public/js/app.js" from ["src/cljs" "src/cljc" "env/dev/cljs"]...[0m
[32mSuccessfully compiled "target/cljsbuild/public/js/app.js" in 0.277 seconds.[0m
notifying browser that file changed:  out/conlang/core.js
[0mCompiling "target/cljsbuild/public/js/app.js" from ["src/cljs" "src/cljc" "env/dev/cljs"]...[0m
[32mSuccessfully compiled "target/cljsbuild/public/js/app.js" in 0.382 seconds.[0m
notifying browser that file changed:  out/conlang/core.js
[0mCompiling "target/cljsbuild/public/js/app.js" from ["src/cljs" "src/cljc" "env/dev/cljs"]...[0m
[32mSuccessfully compiled "target/cljsbuild/public/js/app.js" in 0.253 seconds.[0m
notifying browser that file changed:  out/conlang/core.js
[0mCompiling "target/cljsbuild/public/js/app.js" from ["src/cljs" "src/cljc" "env/dev/cljs"]...[0m
[32mSuccessfully compiled "target/cljsbuild/public/js/app.js" in 0.279 seconds.[0m
notifying browser that file changed:  out/conlang/core.js
[0mCompiling "target/cljsbuild/public/js/app.js" from ["src/cljs" "src/cljc" "env/dev/cljs"]...[0m
[32mSuccessfully compiled "target/cljsbuild/public/js/app.js" in 0.278 seconds.[0m
notifying browser that file changed:  out/conlang/core.js
[0mCompiling "target/cljsbuild/public/js/app.js" from ["src/cljs" "src/cljc" "env/dev/cljs"]...[0m
[32mSuccessfully compiled "target/cljsbuild/public/js/app.js" in 0.292 seconds.[0m
notifying browser that file changed:  out/conlang/core.js
[0mCompiling "target/cljsbuild/public/js/app.js" from ["src/cljs" "src/cljc" "env/dev/cljs"]...[0m
[36m----  Compiler Warning on   src/cljs/conlang/core.cljs   line:13  column:9  ----[0m

  [1mWrong number of args (2) passed to cljs.core/vec[0m

  [36m 9[0m  [36m(defn format-points [points][0m
  [36m10[0m  [36m  (clojure.string/join " " (map #(clojure.string/join "," %) points)))[0m
  [36m11[0m  [36m[0m
  [36m12[0m  [36m(defn random-points [][0m
  [33m13[0m  [1m  (map #(vec [(* (Math/sin %) 50) %] (range 0 100 0.01))))[0m
  [0m  [0m  [33m        ^--- Wrong number of args (2) passed to cljs.core/vec[0m
  [36m14[0m  [36m[0m
  [36m15[0m  [36m(defn home-page [][0m
  [36m16[0m  [36m   [:div {:class "display"}[0m
  [36m17[0m  [36m    [:svg {:width 500 :height 500}[0m
  [36m18[0m  [36m      [:polyline {:points (format-points (random-points))}]]])[0m

[36m----  Compiler Warning : Please see src/cljs/conlang/core.cljs  ----[0m
[32mSuccessfully compiled "target/cljsbuild/public/js/app.js" in 0.357 seconds.[0m
notifying browser that file changed:  out/conlang/core.js
[0mCompiling "target/cljsbuild/public/js/app.js" from ["src/cljs" "src/cljc" "env/dev/cljs"]...[0m
[32mSuccessfully compiled "target/cljsbuild/public/js/app.js" in 0.256 seconds.[0m
notifying browser that file changed:  out/conlang/core.js
[0mCompiling "target/cljsbuild/public/js/app.js" from ["src/cljs" "src/cljc" "env/dev/cljs"]...[0m
[32mSuccessfully compiled "target/cljsbuild/public/js/app.js" in 0.253 seconds.[0m
notifying browser that file changed:  out/conlang/core.js
[0mCompiling "target/cljsbuild/public/js/app.js" from ["src/cljs" "src/cljc" "env/dev/cljs"]...[0m
[32mSuccessfully compiled "target/cljsbuild/public/js/app.js" in 0.25 seconds.[0m
notifying browser that file changed:  out/conlang/core.js
[0mCompiling "target/cljsbuild/public/js/app.js" from ["src/cljs" "src/cljc" "env/dev/cljs"]...[0m
[32mSuccessfully compiled "target/cljsbuild/public/js/app.js" in 0.339 seconds.[0m
notifying browser that file changed:  out/conlang/core.js
[0mCompiling "target/cljsbuild/public/js/app.js" from ["src/cljs" "src/cljc" "env/dev/cljs"]...[0m
[32mSuccessfully compiled "target/cljsbuild/public/js/app.js" in 0.263 seconds.[0m
notifying browser that file changed:  out/conlang/core.js
[0mCompiling "target/cljsbuild/public/js/app.js" from ["src/cljs" "src/cljc" "env/dev/cljs"]...[0m
[32mSuccessfully compiled "target/cljsbuild/public/js/app.js" in 0.261 seconds.[0m
notifying browser that file changed:  out/conlang/core.js
[0mCompiling "target/cljsbuild/public/js/app.js" from ["src/cljs" "src/cljc" "env/dev/cljs"]...[0m
[32mSuccessfully compiled "target/cljsbuild/public/js/app.js" in 0.255 seconds.[0m
notifying browser that file changed:  out/conlang/core.js
[0mCompiling "target/cljsbuild/public/js/app.js" from ["src/cljs" "src/cljc" "env/dev/cljs"]...[0m
[32mSuccessfully compiled "target/cljsbuild/public/js/app.js" in 0.271 seconds.[0m
notifying browser that file changed:  out/conlang/core.js
[0mCompiling "target/cljsbuild/public/js/app.js" from ["src/cljs" "src/cljc" "env/dev/cljs"]...[0m
[32mSuccessfully compiled "target/cljsbuild/public/js/app.js" in 0.254 seconds.[0m
notifying browser that file changed:  out/conlang/core.js
[0mCompiling "target/cljsbuild/public/js/app.js" from ["src/cljs" "src/cljc" "env/dev/cljs"]...[0m
[32mSuccessfully compiled "target/cljsbuild/public/js/app.js" in 0.277 seconds.[0m
notifying browser that file changed:  out/conlang/core.js
[0mCompiling "target/cljsbuild/public/js/app.js" from ["src/cljs" "src/cljc" "env/dev/cljs"]...[0m
[32mSuccessfully compiled "target/cljsbuild/public/js/app.js" in 0.258 seconds.[0m
notifying browser that file changed:  out/conlang/core.js
[0mCompiling "target/cljsbuild/public/js/app.js" from ["src/cljs" "src/cljc" "env/dev/cljs"]...[0m
[32mSuccessfully compiled "target/cljsbuild/public/js/app.js" in 0.281 seconds.[0m
notifying browser that file changed:  out/conlang/core.js
[0mCompiling "target/cljsbuild/public/js/app.js" from ["src/cljs" "src/cljc" "env/dev/cljs"]...[0m
[32mSuccessfully compiled "target/cljsbuild/public/js/app.js" in 0.265 seconds.[0m
notifying browser that file changed:  out/conlang/core.js
[0mCompiling "target/cljsbuild/public/js/app.js" from ["src/cljs" "src/cljc" "env/dev/cljs"]...[0m
[32mSuccessfully compiled "target/cljsbuild/public/js/app.js" in 0.326 seconds.[0m
notifying browser that file changed:  out/conlang/core.js
[0mCompiling "target/cljsbuild/public/js/app.js" from ["src/cljs" "src/cljc" "env/dev/cljs"]...[0m
[32mSuccessfully compiled "target/cljsbuild/public/js/app.js" in 0.245 seconds.[0m
notifying browser that file changed:  out/conlang/core.js
[0mCompiling "target/cljsbuild/public/js/app.js" from ["src/cljs" "src/cljc" "env/dev/cljs"]...[0m
[36m----  Compiler Warning on   src/cljs/conlang/core.cljs   line:14  column:4  ----[0m

  [1mWrong number of args (1) passed to cljs.core/iterate[0m

  [36m10[0m  [36m  (clojure.string/join " " (map #(clojure.string/join "," %) points)))[0m
  [36m11[0m  [36m[0m
  [36m12[0m  [36m(defn random-points [][0m
  [36m13[0m  [36m  (take 100[0m
  [33m14[0m  [1m   (iterate[0m
  [0m  [0m  [33m   ^--- Wrong number of args (1) passed to cljs.core/iterate[0m
  [36m15[0m  [36m     ([(* (Math/random) 500)[0m
  [36m16[0m  [36m       (* (Math/random) 500)]))))[0m
  [36m17[0m  [36m[0m
  [36m18[0m  [36m(defn home-page [][0m
  [36m19[0m  [36m   [:div {:class "display"}[0m

[36m----  Compiler Warning : Please see src/cljs/conlang/core.cljs  ----[0m
[32mSuccessfully compiled "target/cljsbuild/public/js/app.js" in 0.281 seconds.[0m
notifying browser that file changed:  out/conlang/core.js
[0mCompiling "target/cljsbuild/public/js/app.js" from ["src/cljs" "src/cljc" "env/dev/cljs"]...[0m
[32mSuccessfully compiled "target/cljsbuild/public/js/app.js" in 0.262 seconds.[0m
notifying browser that file changed:  out/conlang/core.js
[0mCompiling "target/cljsbuild/public/js/app.js" from ["src/cljs" "src/cljc" "env/dev/cljs"]...[0m
[32mSuccessfully compiled "target/cljsbuild/public/js/app.js" in 0.289 seconds.[0m
notifying browser that file changed:  out/conlang/core.js
[0mCompiling "target/cljsbuild/public/js/app.js" from ["src/cljs" "src/cljc" "env/dev/cljs"]...[0m
[32mSuccessfully compiled "target/cljsbuild/public/js/app.js" in 0.275 seconds.[0m
notifying browser that file changed:  out/conlang/core.js
[0mCompiling "target/cljsbuild/public/js/app.js" from ["src/cljs" "src/cljc" "env/dev/cljs"]...[0m
[32mSuccessfully compiled "target/cljsbuild/public/js/app.js" in 0.245 seconds.[0m
notifying browser that file changed:  out/conlang/core.js
[0mCompiling "target/cljsbuild/public/js/app.js" from ["src/cljs" "src/cljc" "env/dev/cljs"]...[0m
[32mSuccessfully compiled "target/cljsbuild/public/js/app.js" in 0.259 seconds.[0m
notifying browser that file changed:  out/conlang/core.js
[0mCompiling "target/cljsbuild/public/js/app.js" from ["src/cljs" "src/cljc" "env/dev/cljs"]...[0m
[32mSuccessfully compiled "target/cljsbuild/public/js/app.js" in 0.256 seconds.[0m
notifying browser that file changed:  out/conlang/core.js
[0mCompiling "target/cljsbuild/public/js/app.js" from ["src/cljs" "src/cljc" "env/dev/cljs"]...[0m
[32mSuccessfully compiled "target/cljsbuild/public/js/app.js" in 0.251 seconds.[0m
notifying browser that file changed:  out/conlang/core.js
[0mCompiling "target/cljsbuild/public/js/app.js" from ["src/cljs" "src/cljc" "env/dev/cljs"]...[0m
[32mSuccessfully compiled "target/cljsbuild/public/js/app.js" in 0.287 seconds.[0m
notifying browser that file changed:  out/conlang/core.js
[0mCompiling "target/cljsbuild/public/js/app.js" from ["src/cljs" "src/cljc" "env/dev/cljs"]...[0m
[32mSuccessfully compiled "target/cljsbuild/public/js/app.js" in 0.249 seconds.[0m
notifying browser that file changed:  out/conlang/core.js
[0mCompiling "target/cljsbuild/public/js/app.js" from ["src/cljs" "src/cljc" "env/dev/cljs"]...[0m
[32mSuccessfully compiled "target/cljsbuild/public/js/app.js" in 0.242 seconds.[0m
notifying browser that file changed:  out/conlang/core.js
[0mCompiling "target/cljsbuild/public/js/app.js" from ["src/cljs" "src/cljc" "env/dev/cljs"]...[0m
[32mSuccessfully compiled "target/cljsbuild/public/js/app.js" in 0.245 seconds.[0m
notifying browser that file changed:  out/conlang/core.js
[0mCompiling "target/cljsbuild/public/js/app.js" from ["src/cljs" "src/cljc" "env/dev/cljs"]...[0m
[32mSuccessfully compiled "target/cljsbuild/public/js/app.js" in 0.313 seconds.[0m
notifying browser that file changed:  out/conlang/core.js
[0mCompiling "target/cljsbuild/public/js/app.js" from ["src/cljs" "src/cljc" "env/dev/cljs"]...[0m
[32mSuccessfully compiled "target/cljsbuild/public/js/app.js" in 0.371 seconds.[0m
notifying browser that file changed:  out/conlang/core.js
[0mCompiling "target/cljsbuild/public/js/app.js" from ["src/cljs" "src/cljc" "env/dev/cljs"]...[0m
[32mSuccessfully compiled "target/cljsbuild/public/js/app.js" in 0.238 seconds.[0m
notifying browser that file changed:  out/conlang/core.js
[0mCompiling "target/cljsbuild/public/js/app.js" from ["src/cljs" "src/cljc" "env/dev/cljs"]...[0m
[32mSuccessfully compiled "target/cljsbuild/public/js/app.js" in 0.252 seconds.[0m
notifying browser that file changed:  out/conlang/core.js
[0mCompiling "target/cljsbuild/public/js/app.js" from ["src/cljs" "src/cljc" "env/dev/cljs"]...[0m
[32mSuccessfully compiled "target/cljsbuild/public/js/app.js" in 0.285 seconds.[0m
notifying browser that file changed:  out/conlang/core.js
[0mCompiling "target/cljsbuild/public/js/app.js" from ["src/cljs" "src/cljc" "env/dev/cljs"]...[0m
[32mSuccessfully compiled "target/cljsbuild/public/js/app.js" in 0.259 seconds.[0m
notifying browser that file changed:  out/conlang/core.js
[0mCompiling "target/cljsbuild/public/js/app.js" from ["src/cljs" "src/cljc" "env/dev/cljs"]...[0m
[32mSuccessfully compiled "target/cljsbuild/public/js/app.js" in 0.248 seconds.[0m
notifying browser that file changed:  out/conlang/core.js
[0mCompiling "target/cljsbuild/public/js/app.js" from ["src/cljs" "src/cljc" "env/dev/cljs"]...[0m
[32mSuccessfully compiled "target/cljsbuild/public/js/app.js" in 0.244 seconds.[0m
notifying browser that file changed:  out/conlang/core.js
[0mCompiling "target/cljsbuild/public/js/app.js" from ["src/cljs" "src/cljc" "env/dev/cljs"]...[0m
[32mSuccessfully compiled "target/cljsbuild/public/js/app.js" in 0.269 seconds.[0m
notifying browser that file changed:  out/conlang/core.js
[0mCompiling "target/cljsbuild/public/js/app.js" from ["src/cljs" "src/cljc" "env/dev/cljs"]...[0m
[32mSuccessfully compiled "target/cljsbuild/public/js/app.js" in 0.245 seconds.[0m
notifying browser that file changed:  out/conlang/core.js
[0mCompiling "target/cljsbuild/public/js/app.js" from ["src/cljs" "src/cljc" "env/dev/cljs"]...[0m
[32mSuccessfully compiled "target/cljsbuild/public/js/app.js" in 0.245 seconds.[0m
notifying browser that file changed:  out/conlang/core.js
[0mCompiling "target/cljsbuild/public/js/app.js" from ["src/cljs" "src/cljc" "env/dev/cljs"]...[0m
[32mSuccessfully compiled "target/cljsbuild/public/js/app.js" in 0.261 seconds.[0m
notifying browser that file changed:  out/conlang/core.js
[0mCompiling "target/cljsbuild/public/js/app.js" from ["src/cljs" "src/cljc" "env/dev/cljs"]...[0m
[32mSuccessfully compiled "target/cljsbuild/public/js/app.js" in 0.28 seconds.[0m
notifying browser that file changed:  out/conlang/core.js
[0mCompiling "target/cljsbuild/public/js/app.js" from ["src/cljs" "src/cljc" "env/dev/cljs"]...[0m
[32mSuccessfully compiled "target/cljsbuild/public/js/app.js" in 0.279 seconds.[0m
notifying browser that file changed:  out/conlang/core.js
[0mCompiling "target/cljsbuild/public/js/app.js" from ["src/cljs" "src/cljc" "env/dev/cljs"]...[0m
[32mSuccessfully compiled "target/cljsbuild/public/js/app.js" in 0.227 seconds.[0m
notifying browser that file changed:  out/conlang/core.js
[0mCompiling "target/cljsbuild/public/js/app.js" from ["src/cljs" "src/cljc" "env/dev/cljs"]...[0m
[32mSuccessfully compiled "target/cljsbuild/public/js/app.js" in 0.26 seconds.[0m
notifying browser that file changed:  out/conlang/core.js
[0mCompiling "target/cljsbuild/public/js/app.js" from ["src/cljs" "src/cljc" "env/dev/cljs"]...[0m
[32mSuccessfully compiled "target/cljsbuild/public/js/app.js" in 0.256 seconds.[0m
notifying browser that file changed:  out/conlang/core.js
[0mCompiling "target/cljsbuild/public/js/app.js" from ["src/cljs" "src/cljc" "env/dev/cljs"]...[0m
[32mSuccessfully compiled "target/cljsbuild/public/js/app.js" in 0.257 seconds.[0m
notifying browser that file changed:  out/conlang/core.js
[0mCompiling "target/cljsbuild/public/js/app.js" from ["src/cljs" "src/cljc" "env/dev/cljs"]...[0m
[32mSuccessfully compiled "target/cljsbuild/public/js/app.js" in 0.211 seconds.[0m
notifying browser that file changed:  out/conlang/core.js
[0mCompiling "target/cljsbuild/public/js/app.js" from ["src/cljs" "src/cljc" "env/dev/cljs"]...[0m
[32mSuccessfully compiled "target/cljsbuild/public/js/app.js" in 0.261 seconds.[0m
notifying browser that file changed:  out/conlang/core.js
[0mCompiling "target/cljsbuild/public/js/app.js" from ["src/cljs" "src/cljc" "env/dev/cljs"]...[0m
[32mSuccessfully compiled "target/cljsbuild/public/js/app.js" in 0.293 seconds.[0m
notifying browser that file changed:  out/conlang/core.js
[0mCompiling "target/cljsbuild/public/js/app.js" from ["src/cljs" "src/cljc" "env/dev/cljs"]...[0m
[32mSuccessfully compiled "target/cljsbuild/public/js/app.js" in 0.254 seconds.[0m
notifying browser that file changed:  out/conlang/core.js
[0mCompiling "target/cljsbuild/public/js/app.js" from ["src/cljs" "src/cljc" "env/dev/cljs"]...[0m
[32mSuccessfully compiled "target/cljsbuild/public/js/app.js" in 0.267 seconds.[0m
notifying browser that file changed:  out/conlang/core.js
[0mCompiling "target/cljsbuild/public/js/app.js" from ["src/cljs" "src/cljc" "env/dev/cljs"]...[0m
[32mSuccessfully compiled "target/cljsbuild/public/js/app.js" in 0.241 seconds.[0m
notifying browser that file changed:  out/conlang/core.js
[0mCompiling "target/cljsbuild/public/js/app.js" from ["src/cljs" "src/cljc" "env/dev/cljs"]...[0m
[32mSuccessfully compiled "target/cljsbuild/public/js/app.js" in 0.26 seconds.[0m
notifying browser that file changed:  out/conlang/core.js
[0mCompiling "target/cljsbuild/public/js/app.js" from ["src/cljs" "src/cljc" "env/dev/cljs"]...[0m
[32mSuccessfully compiled "target/cljsbuild/public/js/app.js" in 0.268 seconds.[0m
notifying browser that file changed:  out/conlang/core.js
[0mCompiling "target/cljsbuild/public/js/app.js" from ["src/cljs" "src/cljc" "env/dev/cljs"]...[0m
[32mSuccessfully compiled "target/cljsbuild/public/js/app.js" in 0.246 seconds.[0m
notifying browser that file changed:  out/conlang/core.js
[0mCompiling "target/cljsbuild/public/js/app.js" from ["src/cljs" "src/cljc" "env/dev/cljs"]...[0m
[32mSuccessfully compiled "target/cljsbuild/public/js/app.js" in 0.248 seconds.[0m
notifying browser that file changed:  out/conlang/core.js
[0mCompiling "target/cljsbuild/public/js/app.js" from ["src/cljs" "src/cljc" "env/dev/cljs"]...[0m
[32mSuccessfully compiled "target/cljsbuild/public/js/app.js" in 0.256 seconds.[0m
notifying browser that file changed:  out/conlang/core.js
[0mCompiling "target/cljsbuild/public/js/app.js" from ["src/cljs" "src/cljc" "env/dev/cljs"]...[0m
[32mSuccessfully compiled "target/cljsbuild/public/js/app.js" in 0.257 seconds.[0m
notifying browser that file changed:  out/conlang/core.js
[0mCompiling "target/cljsbuild/public/js/app.js" from ["src/cljs" "src/cljc" "env/dev/cljs"]...[0m
[32mSuccessfully compiled "target/cljsbuild/public/js/app.js" in 0.249 seconds.[0m
notifying browser that file changed:  out/conlang/core.js
[0mCompiling "target/cljsbuild/public/js/app.js" from ["src/cljs" "src/cljc" "env/dev/cljs"]...[0m
[32mSuccessfully compiled "target/cljsbuild/public/js/app.js" in 0.254 seconds.[0m
notifying browser that file changed:  out/conlang/core.js
[0mCompiling "target/cljsbuild/public/js/app.js" from ["src/cljs" "src/cljc" "env/dev/cljs"]...[0m
[32mSuccessfully compiled "target/cljsbuild/public/js/app.js" in 0.24 seconds.[0m
notifying browser that file changed:  out/conlang/core.js
[0mCompiling "target/cljsbuild/public/js/app.js" from ["src/cljs" "src/cljc" "env/dev/cljs"]...[0m
[32mSuccessfully compiled "target/cljsbuild/public/js/app.js" in 0.323 seconds.[0m
notifying browser that file changed:  out/conlang/core.js
[0mCompiling "target/cljsbuild/public/js/app.js" from ["src/cljs" "src/cljc" "env/dev/cljs"]...[0m
[32mSuccessfully compiled "target/cljsbuild/public/js/app.js" in 0.243 seconds.[0m
notifying browser that file changed:  out/conlang/core.js
[0mCompiling "target/cljsbuild/public/js/app.js" from ["src/cljs" "src/cljc" "env/dev/cljs"]...[0m
[32mSuccessfully compiled "target/cljsbuild/public/js/app.js" in 0.248 seconds.[0m
notifying browser that file changed:  out/conlang/core.js
[0mCompiling "target/cljsbuild/public/js/app.js" from ["src/cljs" "src/cljc" "env/dev/cljs"]...[0m
[32mSuccessfully compiled "target/cljsbuild/public/js/app.js" in 0.291 seconds.[0m
notifying browser that file changed:  out/conlang/core.js
[0mCompiling "target/cljsbuild/public/js/app.js" from ["src/cljs" "src/cljc" "env/dev/cljs"]...[0m
[32mSuccessfully compiled "target/cljsbuild/public/js/app.js" in 0.343 seconds.[0m
notifying browser that file changed:  out/conlang/core.js
[0mCompiling "target/cljsbuild/public/js/app.js" from ["src/cljs" "src/cljc" "env/dev/cljs"]...[0m
[32mSuccessfully compiled "target/cljsbuild/public/js/app.js" in 0.246 seconds.[0m
notifying browser that file changed:  out/conlang/core.js
[0mCompiling "target/cljsbuild/public/js/app.js" from ["src/cljs" "src/cljc" "env/dev/cljs"]...[0m
[32mSuccessfully compiled "target/cljsbuild/public/js/app.js" in 0.252 seconds.[0m
notifying browser that file changed:  out/conlang/core.js
[0mCompiling "target/cljsbuild/public/js/app.js" from ["src/cljs" "src/cljc" "env/dev/cljs"]...[0m
[32mSuccessfully compiled "target/cljsbuild/public/js/app.js" in 0.289 seconds.[0m
notifying browser that file changed:  out/conlang/core.js
[0mCompiling "target/cljsbuild/public/js/app.js" from ["src/cljs" "src/cljc" "env/dev/cljs"]...[0m
[32mSuccessfully compiled "target/cljsbuild/public/js/app.js" in 0.253 seconds.[0m
notifying browser that file changed:  out/conlang/core.js
[0mCompiling "target/cljsbuild/public/js/app.js" from ["src/cljs" "src/cljc" "env/dev/cljs"]...[0m
[32mSuccessfully compiled "target/cljsbuild/public/js/app.js" in 0.245 seconds.[0m
notifying browser that file changed:  out/conlang/core.js
[0mCompiling "target/cljsbuild/public/js/app.js" from ["src/cljs" "src/cljc" "env/dev/cljs"]...[0m
[32mSuccessfully compiled "target/cljsbuild/public/js/app.js" in 0.246 seconds.[0m
notifying browser that file changed:  out/conlang/core.js
[0mCompiling "target/cljsbuild/public/js/app.js" from ["src/cljs" "src/cljc" "env/dev/cljs"]...[0m
[32mSuccessfully compiled "target/cljsbuild/public/js/app.js" in 0.253 seconds.[0m
notifying browser that file changed:  out/conlang/core.js
[0mCompiling "target/cljsbuild/public/js/app.js" from ["src/cljs" "src/cljc" "env/dev/cljs"]...[0m
[32mSuccessfully compiled "target/cljsbuild/public/js/app.js" in 0.251 seconds.[0m
notifying browser that file changed:  out/conlang/core.js
[0mCompiling "target/cljsbuild/public/js/app.js" from ["src/cljs" "src/cljc" "env/dev/cljs"]...[0m
[32mSuccessfully compiled "target/cljsbuild/public/js/app.js" in 0.258 seconds.[0m
notifying browser that file changed:  out/conlang/core.js
[0mCompiling "target/cljsbuild/public/js/app.js" from ["src/cljs" "src/cljc" "env/dev/cljs"]...[0m
[32mSuccessfully compiled "target/cljsbuild/public/js/app.js" in 0.274 seconds.[0m
notifying browser that file changed:  out/conlang/core.js
[0mCompiling "target/cljsbuild/public/js/app.js" from ["src/cljs" "src/cljc" "env/dev/cljs"]...[0m
[32mSuccessfully compiled "target/cljsbuild/public/js/app.js" in 0.28 seconds.[0m
notifying browser that file changed:  out/conlang/core.js
[0mCompiling "target/cljsbuild/public/js/app.js" from ["src/cljs" "src/cljc" "env/dev/cljs"]...[0m
[32mSuccessfully compiled "target/cljsbuild/public/js/app.js" in 0.327 seconds.[0m
notifying browser that file changed:  out/conlang/core.js
[0mCompiling "target/cljsbuild/public/js/app.js" from ["src/cljs" "src/cljc" "env/dev/cljs"]...[0m
[32mSuccessfully compiled "target/cljsbuild/public/js/app.js" in 0.286 seconds.[0m
notifying browser that file changed:  out/conlang/core.js
[0mCompiling "target/cljsbuild/public/js/app.js" from ["src/cljs" "src/cljc" "env/dev/cljs"]...[0m
[32mSuccessfully compiled "target/cljsbuild/public/js/app.js" in 0.278 seconds.[0m
notifying browser that file changed:  out/conlang/core.js
[0mCompiling "target/cljsbuild/public/js/app.js" from ["src/cljs" "src/cljc" "env/dev/cljs"]...[0m
[32mSuccessfully compiled "target/cljsbuild/public/js/app.js" in 0.327 seconds.[0m
notifying browser that file changed:  out/conlang/core.js
[0mCompiling "target/cljsbuild/public/js/app.js" from ["src/cljs" "src/cljc" "env/dev/cljs"]...[0m
[32mSuccessfully compiled "target/cljsbuild/public/js/app.js" in 0.303 seconds.[0m
notifying browser that file changed:  out/conlang/core.js
[0mCompiling "target/cljsbuild/public/js/app.js" from ["src/cljs" "src/cljc" "env/dev/cljs"]...[0m
[32mSuccessfully compiled "target/cljsbuild/public/js/app.js" in 0.251 seconds.[0m
notifying browser that file changed:  out/conlang/core.js
[0mCompiling "target/cljsbuild/public/js/app.js" from ["src/cljs" "src/cljc" "env/dev/cljs"]...[0m
[32mSuccessfully compiled "target/cljsbuild/public/js/app.js" in 0.255 seconds.[0m
notifying browser that file changed:  out/conlang/core.js
[0mCompiling "target/cljsbuild/public/js/app.js" from ["src/cljs" "src/cljc" "env/dev/cljs"]...[0m
[32mSuccessfully compiled "target/cljsbuild/public/js/app.js" in 0.254 seconds.[0m
notifying browser that file changed:  out/conlang/core.js
[0mCompiling "target/cljsbuild/public/js/app.js" from ["src/cljs" "src/cljc" "env/dev/cljs"]...[0m
[32mSuccessfully compiled "target/cljsbuild/public/js/app.js" in 0.251 seconds.[0m
notifying browser that file changed:  out/conlang/core.js
[0mCompiling "target/cljsbuild/public/js/app.js" from ["src/cljs" "src/cljc" "env/dev/cljs"]...[0m
[32mSuccessfully compiled "target/cljsbuild/public/js/app.js" in 0.246 seconds.[0m
notifying browser that file changed:  out/conlang/core.js
[0mCompiling "target/cljsbuild/public/js/app.js" from ["src/cljs" "src/cljc" "env/dev/cljs"]...[0m
[32mSuccessfully compiled "target/cljsbuild/public/js/app.js" in 0.253 seconds.[0m
notifying browser that file changed:  out/conlang/core.js
[0mCompiling "target/cljsbuild/public/js/app.js" from ["src/cljs" "src/cljc" "env/dev/cljs"]...[0m
[32mSuccessfully compiled "target/cljsbuild/public/js/app.js" in 0.255 seconds.[0m
notifying browser that file changed:  out/conlang/core.js
[0mCompiling "target/cljsbuild/public/js/app.js" from ["src/cljs" "src/cljc" "env/dev/cljs"]...[0m
[32mSuccessfully compiled "target/cljsbuild/public/js/app.js" in 0.277 seconds.[0m
notifying browser that file changed:  out/conlang/core.js
[0mCompiling "target/cljsbuild/public/js/app.js" from ["src/cljs" "src/cljc" "env/dev/cljs"]...[0m
[32mSuccessfully compiled "target/cljsbuild/public/js/app.js" in 0.298 seconds.[0m
notifying browser that file changed:  out/conlang/core.js
[0mCompiling "target/cljsbuild/public/js/app.js" from ["src/cljs" "src/cljc" "env/dev/cljs"]...[0m
[32mSuccessfully compiled "target/cljsbuild/public/js/app.js" in 0.28 seconds.[0m
notifying browser that file changed:  out/conlang/core.js
[0mCompiling "target/cljsbuild/public/js/app.js" from ["src/cljs" "src/cljc" "env/dev/cljs"]...[0m
[32mSuccessfully compiled "target/cljsbuild/public/js/app.js" in 0.26 seconds.[0m
notifying browser that file changed:  out/conlang/core.js
[0mCompiling "target/cljsbuild/public/js/app.js" from ["src/cljs" "src/cljc" "env/dev/cljs"]...[0m
[32mSuccessfully compiled "target/cljsbuild/public/js/app.js" in 0.251 seconds.[0m
notifying browser that file changed:  out/conlang/core.js
[0mCompiling "target/cljsbuild/public/js/app.js" from ["src/cljs" "src/cljc" "env/dev/cljs"]...[0m
[32mSuccessfully compiled "target/cljsbuild/public/js/app.js" in 0.251 seconds.[0m
notifying browser that file changed:  out/conlang/core.js
[0mCompiling "target/cljsbuild/public/js/app.js" from ["src/cljs" "src/cljc" "env/dev/cljs"]...[0m
[32mSuccessfully compiled "target/cljsbuild/public/js/app.js" in 0.251 seconds.[0m
notifying browser that file changed:  out/conlang/core.js
[0mCompiling "target/cljsbuild/public/js/app.js" from ["src/cljs" "src/cljc" "env/dev/cljs"]...[0m
[32mSuccessfully compiled "target/cljsbuild/public/js/app.js" in 0.286 seconds.[0m
notifying browser that file changed:  out/conlang/core.js
[0mCompiling "target/cljsbuild/public/js/app.js" from ["src/cljs" "src/cljc" "env/dev/cljs"]...[0m
[32mSuccessfully compiled "target/cljsbuild/public/js/app.js" in 0.256 seconds.[0m
notifying browser that file changed:  out/conlang/core.js
[0mCompiling "target/cljsbuild/public/js/app.js" from ["src/cljs" "src/cljc" "env/dev/cljs"]...[0m
[32mSuccessfully compiled "target/cljsbuild/public/js/app.js" in 0.312 seconds.[0m
notifying browser that file changed:  out/conlang/core.js
[0mCompiling "target/cljsbuild/public/js/app.js" from ["src/cljs" "src/cljc" "env/dev/cljs"]...[0m
[32mSuccessfully compiled "target/cljsbuild/public/js/app.js" in 0.258 seconds.[0m
notifying browser that file changed:  out/conlang/core.js
[0mCompiling "target/cljsbuild/public/js/app.js" from ["src/cljs" "src/cljc" "env/dev/cljs"]...[0m
[32mSuccessfully compiled "target/cljsbuild/public/js/app.js" in 0.257 seconds.[0m
notifying browser that file changed:  out/conlang/core.js
[0mCompiling "target/cljsbuild/public/js/app.js" from ["src/cljs" "src/cljc" "env/dev/cljs"]...[0m
[32mSuccessfully compiled "target/cljsbuild/public/js/app.js" in 0.248 seconds.[0m
notifying browser that file changed:  out/conlang/core.js
[0mCompiling "target/cljsbuild/public/js/app.js" from ["src/cljs" "src/cljc" "env/dev/cljs"]...[0m
[32mSuccessfully compiled "target/cljsbuild/public/js/app.js" in 0.242 seconds.[0m
notifying browser that file changed:  out/conlang/core.js
[0mCompiling "target/cljsbuild/public/js/app.js" from ["src/cljs" "src/cljc" "env/dev/cljs"]...[0m
[32mSuccessfully compiled "target/cljsbuild/public/js/app.js" in 0.245 seconds.[0m
notifying browser that file changed:  out/conlang/core.js
[0mCompiling "target/cljsbuild/public/js/app.js" from ["src/cljs" "src/cljc" "env/dev/cljs"]...[0m
[32mSuccessfully compiled "target/cljsbuild/public/js/app.js" in 0.243 seconds.[0m
notifying browser that file changed:  out/conlang/core.js
[0mCompiling "target/cljsbuild/public/js/app.js" from ["src/cljs" "src/cljc" "env/dev/cljs"]...[0m
[32mSuccessfully compiled "target/cljsbuild/public/js/app.js" in 0.251 seconds.[0m
notifying browser that file changed:  out/conlang/core.js
[0mCompiling "target/cljsbuild/public/js/app.js" from ["src/cljs" "src/cljc" "env/dev/cljs"]...[0m
[32mSuccessfully compiled "target/cljsbuild/public/js/app.js" in 0.239 seconds.[0m
notifying browser that file changed:  out/conlang/core.js
[0mCompiling "target/cljsbuild/public/js/app.js" from ["src/cljs" "src/cljc" "env/dev/cljs"]...[0m
[32mSuccessfully compiled "target/cljsbuild/public/js/app.js" in 0.243 seconds.[0m
notifying browser that file changed:  out/conlang/core.js
[0mCompiling "target/cljsbuild/public/js/app.js" from ["src/cljs" "src/cljc" "env/dev/cljs"]...[0m
[32mSuccessfully compiled "target/cljsbuild/public/js/app.js" in 0.258 seconds.[0m
notifying browser that file changed:  out/conlang/core.js
[0mCompiling "target/cljsbuild/public/js/app.js" from ["src/cljs" "src/cljc" "env/dev/cljs"]...[0m
[32mSuccessfully compiled "target/cljsbuild/public/js/app.js" in 0.259 seconds.[0m
notifying browser that file changed:  out/conlang/core.js
[0mCompiling "target/cljsbuild/public/js/app.js" from ["src/cljs" "src/cljc" "env/dev/cljs"]...[0m
[32mSuccessfully compiled "target/cljsbuild/public/js/app.js" in 0.252 seconds.[0m
notifying browser that file changed:  out/conlang/core.js
[0mCompiling "target/cljsbuild/public/js/app.js" from ["src/cljs" "src/cljc" "env/dev/cljs"]...[0m
[32mSuccessfully compiled "target/cljsbuild/public/js/app.js" in 0.246 seconds.[0m
notifying browser that file changed:  out/conlang/core.js
[0mCompiling "target/cljsbuild/public/js/app.js" from ["src/cljs" "src/cljc" "env/dev/cljs"]...[0m
[32mSuccessfully compiled "target/cljsbuild/public/js/app.js" in 0.248 seconds.[0m
notifying browser that file changed:  out/conlang/core.js
[0mCompiling "target/cljsbuild/public/js/app.js" from ["src/cljs" "src/cljc" "env/dev/cljs"]...[0m
[32mSuccessfully compiled "target/cljsbuild/public/js/app.js" in 0.257 seconds.[0m
notifying browser that file changed:  out/conlang/core.js
[0mCompiling "target/cljsbuild/public/js/app.js" from ["src/cljs" "src/cljc" "env/dev/cljs"]...[0m
[32mSuccessfully compiled "target/cljsbuild/public/js/app.js" in 0.258 seconds.[0m
notifying browser that file changed:  out/conlang/core.js
[0mCompiling "target/cljsbuild/public/js/app.js" from ["src/cljs" "src/cljc" "env/dev/cljs"]...[0m
[32mSuccessfully compiled "target/cljsbuild/public/js/app.js" in 0.355 seconds.[0m
notifying browser that file changed:  out/conlang/core.js
[0mCompiling "target/cljsbuild/public/js/app.js" from ["src/cljs" "src/cljc" "env/dev/cljs"]...[0m
[32mSuccessfully compiled "target/cljsbuild/public/js/app.js" in 0.234 seconds.[0m
notifying browser that file changed:  out/conlang/core.js
[0mCompiling "target/cljsbuild/public/js/app.js" from ["src/cljs" "src/cljc" "env/dev/cljs"]...[0m
[32mSuccessfully compiled "target/cljsbuild/public/js/app.js" in 0.337 seconds.[0m
notifying browser that file changed:  out/conlang/core.js
[0mCompiling "target/cljsbuild/public/js/app.js" from ["src/cljs" "src/cljc" "env/dev/cljs"]...[0m
[32mSuccessfully compiled "target/cljsbuild/public/js/app.js" in 0.271 seconds.[0m
notifying browser that file changed:  out/conlang/core.js
[0mCompiling "target/cljsbuild/public/js/app.js" from ["src/cljs" "src/cljc" "env/dev/cljs"]...[0m
[32mSuccessfully compiled "target/cljsbuild/public/js/app.js" in 0.254 seconds.[0m
notifying browser that file changed:  out/conlang/core.js
[0mCompiling "target/cljsbuild/public/js/app.js" from ["src/cljs" "src/cljc" "env/dev/cljs"]...[0m
[32mSuccessfully compiled "target/cljsbuild/public/js/app.js" in 0.278 seconds.[0m
notifying browser that file changed:  out/conlang/core.js
[0mCompiling "target/cljsbuild/public/js/app.js" from ["src/cljs" "src/cljc" "env/dev/cljs"]...[0m
[32mSuccessfully compiled "target/cljsbuild/public/js/app.js" in 0.299 seconds.[0m
notifying browser that file changed:  out/conlang/core.js
[0mCompiling "target/cljsbuild/public/js/app.js" from ["src/cljs" "src/cljc" "env/dev/cljs"]...[0m
[32mSuccessfully compiled "target/cljsbuild/public/js/app.js" in 0.265 seconds.[0m
notifying browser that file changed:  out/conlang/core.js
[0mCompiling "target/cljsbuild/public/js/app.js" from ["src/cljs" "src/cljc" "env/dev/cljs"]...[0m
[32mSuccessfully compiled "target/cljsbuild/public/js/app.js" in 0.274 seconds.[0m
notifying browser that file changed:  out/conlang/core.js
[0mCompiling "target/cljsbuild/public/js/app.js" from ["src/cljs" "src/cljc" "env/dev/cljs"]...[0m
[32mSuccessfully compiled "target/cljsbuild/public/js/app.js" in 0.247 seconds.[0m
notifying browser that file changed:  out/conlang/core.js
[0mCompiling "target/cljsbuild/public/js/app.js" from ["src/cljs" "src/cljc" "env/dev/cljs"]...[0m
[32mSuccessfully compiled "target/cljsbuild/public/js/app.js" in 0.285 seconds.[0m
notifying browser that file changed:  out/conlang/core.js
[0mCompiling "target/cljsbuild/public/js/app.js" from ["src/cljs" "src/cljc" "env/dev/cljs"]...[0m
[32mSuccessfully compiled "target/cljsbuild/public/js/app.js" in 0.264 seconds.[0m
notifying browser that file changed:  out/conlang/core.js
[0mCompiling "target/cljsbuild/public/js/app.js" from ["src/cljs" "src/cljc" "env/dev/cljs"]...[0m
[32mSuccessfully compiled "target/cljsbuild/public/js/app.js" in 0.263 seconds.[0m
notifying browser that file changed:  out/conlang/core.js
[0mCompiling "target/cljsbuild/public/js/app.js" from ["src/cljs" "src/cljc" "env/dev/cljs"]...[0m
[31mFailed to compile "target/cljsbuild/public/js/app.js" in 0.203 seconds.[0m
[36m----  Could not Analyze  src/cljs/conlang/core.cljs   line:21  column:3  ----[0m

  [1mlet requires a vector for its binding[0m

  [36m20[0m  [36m(defn home-page [][0m
  [33m21[0m  [1m  (let pts (random-points)[0m
  [0m  [0m  [33m  ^--- let requires a vector for its binding[0m
  [36m22[0m  [36m   [:div {:class "display"}[0m
  [36m23[0m  [36m    [:svg {:width 500 :height 500}[0m
  [36m24[0m  [36m      [:polygon {:points (format-points pts)}]]]))[0m

[36m----  Analysis Error : Please see src/cljs/conlang/core.cljs  ----[0m
[0mCompiling "target/cljsbuild/public/js/app.js" from ["src/cljs" "src/cljc" "env/dev/cljs"]...[0m
[32mSuccessfully compiled "target/cljsbuild/public/js/app.js" in 0.266 seconds.[0m
notifying browser that file changed:  out/conlang/core.js
[0mCompiling "target/cljsbuild/public/js/app.js" from ["src/cljs" "src/cljc" "env/dev/cljs"]...[0m
[32mSuccessfully compiled "target/cljsbuild/public/js/app.js" in 0.253 seconds.[0m
notifying browser that file changed:  out/conlang/core.js
[0mCompiling "target/cljsbuild/public/js/app.js" from ["src/cljs" "src/cljc" "env/dev/cljs"]...[0m
[32mSuccessfully compiled "target/cljsbuild/public/js/app.js" in 0.252 seconds.[0m
notifying browser that file changed:  out/conlang/core.js
[0mCompiling "target/cljsbuild/public/js/app.js" from ["src/cljs" "src/cljc" "env/dev/cljs"]...[0m
[32mSuccessfully compiled "target/cljsbuild/public/js/app.js" in 0.245 seconds.[0m
notifying browser that file changed:  out/conlang/core.js
[0mCompiling "target/cljsbuild/public/js/app.js" from ["src/cljs" "src/cljc" "env/dev/cljs"]...[0m
[32mSuccessfully compiled "target/cljsbuild/public/js/app.js" in 0.249 seconds.[0m
notifying browser that file changed:  out/conlang/core.js
[0mCompiling "target/cljsbuild/public/js/app.js" from ["src/cljs" "src/cljc" "env/dev/cljs"]...[0m
[32mSuccessfully compiled "target/cljsbuild/public/js/app.js" in 0.29 seconds.[0m
notifying browser that file changed:  out/conlang/core.js
[0mCompiling "target/cljsbuild/public/js/app.js" from ["src/cljs" "src/cljc" "env/dev/cljs"]...[0m
[32mSuccessfully compiled "target/cljsbuild/public/js/app.js" in 0.276 seconds.[0m
notifying browser that file changed:  out/conlang/core.js
[0mCompiling "target/cljsbuild/public/js/app.js" from ["src/cljs" "src/cljc" "env/dev/cljs"]...[0m
[32mSuccessfully compiled "target/cljsbuild/public/js/app.js" in 0.253 seconds.[0m
notifying browser that file changed:  out/conlang/core.js
[0mCompiling "target/cljsbuild/public/js/app.js" from ["src/cljs" "src/cljc" "env/dev/cljs"]...[0m
[32mSuccessfully compiled "target/cljsbuild/public/js/app.js" in 0.25 seconds.[0m
notifying browser that file changed:  out/conlang/core.js
[0mCompiling "target/cljsbuild/public/js/app.js" from ["src/cljs" "src/cljc" "env/dev/cljs"]...[0m
[32mSuccessfully compiled "target/cljsbuild/public/js/app.js" in 0.256 seconds.[0m
notifying browser that file changed:  out/conlang/core.js
[0mCompiling "target/cljsbuild/public/js/app.js" from ["src/cljs" "src/cljc" "env/dev/cljs"]...[0m
[32mSuccessfully compiled "target/cljsbuild/public/js/app.js" in 0.249 seconds.[0m
notifying browser that file changed:  out/conlang/core.js
[0mCompiling "target/cljsbuild/public/js/app.js" from ["src/cljs" "src/cljc" "env/dev/cljs"]...[0m
[32mSuccessfully compiled "target/cljsbuild/public/js/app.js" in 0.26 seconds.[0m
notifying browser that file changed:  out/conlang/core.js
[0mCompiling "target/cljsbuild/public/js/app.js" from ["src/cljs" "src/cljc" "env/dev/cljs"]...[0m
[32mSuccessfully compiled "target/cljsbuild/public/js/app.js" in 0.254 seconds.[0m
notifying browser that file changed:  out/conlang/core.js
[0mCompiling "target/cljsbuild/public/js/app.js" from ["src/cljs" "src/cljc" "env/dev/cljs"]...[0m
[32mSuccessfully compiled "target/cljsbuild/public/js/app.js" in 0.259 seconds.[0m
notifying browser that file changed:  out/conlang/core.js
[0mCompiling "target/cljsbuild/public/js/app.js" from ["src/cljs" "src/cljc" "env/dev/cljs"]...[0m
[32mSuccessfully compiled "target/cljsbuild/public/js/app.js" in 0.221 seconds.[0m
notifying browser that file changed:  out/conlang/core.js
[0mCompiling "target/cljsbuild/public/js/app.js" from ["src/cljs" "src/cljc" "env/dev/cljs"]...[0m
[32mSuccessfully compiled "target/cljsbuild/public/js/app.js" in 0.267 seconds.[0m
notifying browser that file changed:  out/conlang/core.js
[0mCompiling "target/cljsbuild/public/js/app.js" from ["src/cljs" "src/cljc" "env/dev/cljs"]...[0m
[32mSuccessfully compiled "target/cljsbuild/public/js/app.js" in 0.247 seconds.[0m
notifying browser that file changed:  out/conlang/core.js
[0mCompiling "target/cljsbuild/public/js/app.js" from ["src/cljs" "src/cljc" "env/dev/cljs"]...[0m
[32mSuccessfully compiled "target/cljsbuild/public/js/app.js" in 0.254 seconds.[0m
notifying browser that file changed:  out/conlang/core.js
[0mCompiling "target/cljsbuild/public/js/app.js" from ["src/cljs" "src/cljc" "env/dev/cljs"]...[0m
[32mSuccessfully compiled "target/cljsbuild/public/js/app.js" in 0.249 seconds.[0m
notifying browser that file changed:  out/conlang/core.js
[0mCompiling "target/cljsbuild/public/js/app.js" from ["src/cljs" "src/cljc" "env/dev/cljs"]...[0m
[32mSuccessfully compiled "target/cljsbuild/public/js/app.js" in 0.252 seconds.[0m
notifying browser that file changed:  out/conlang/core.js
[0mCompiling "target/cljsbuild/public/js/app.js" from ["src/cljs" "src/cljc" "env/dev/cljs"]...[0m
[32mSuccessfully compiled "target/cljsbuild/public/js/app.js" in 0.249 seconds.[0m
notifying browser that file changed:  out/conlang/core.js
[0mCompiling "target/cljsbuild/public/js/app.js" from ["src/cljs" "src/cljc" "env/dev/cljs"]...[0m
[32mSuccessfully compiled "target/cljsbuild/public/js/app.js" in 0.263 seconds.[0m
notifying browser that file changed:  out/conlang/core.js
[0mCompiling "target/cljsbuild/public/js/app.js" from ["src/cljs" "src/cljc" "env/dev/cljs"]...[0m
[32mSuccessfully compiled "target/cljsbuild/public/js/app.js" in 0.259 seconds.[0m
notifying browser that file changed:  out/conlang/core.js
[0mCompiling "target/cljsbuild/public/js/app.js" from ["src/cljs" "src/cljc" "env/dev/cljs"]...[0m
[32mSuccessfully compiled "target/cljsbuild/public/js/app.js" in 0.255 seconds.[0m
notifying browser that file changed:  out/conlang/core.js
[0mCompiling "target/cljsbuild/public/js/app.js" from ["src/cljs" "src/cljc" "env/dev/cljs"]...[0m
[32mSuccessfully compiled "target/cljsbuild/public/js/app.js" in 0.252 seconds.[0m
notifying browser that file changed:  out/conlang/core.js
[0mCompiling "target/cljsbuild/public/js/app.js" from ["src/cljs" "src/cljc" "env/dev/cljs"]...[0m
[32mSuccessfully compiled "target/cljsbuild/public/js/app.js" in 0.265 seconds.[0m
notifying browser that file changed:  out/conlang/core.js
[0mCompiling "target/cljsbuild/public/js/app.js" from ["src/cljs" "src/cljc" "env/dev/cljs"]...[0m
[32mSuccessfully compiled "target/cljsbuild/public/js/app.js" in 0.254 seconds.[0m
notifying browser that file changed:  out/conlang/core.js
[0mCompiling "target/cljsbuild/public/js/app.js" from ["src/cljs" "src/cljc" "env/dev/cljs"]...[0m
[32mSuccessfully compiled "target/cljsbuild/public/js/app.js" in 0.251 seconds.[0m
notifying browser that file changed:  out/conlang/core.js
[0mCompiling "target/cljsbuild/public/js/app.js" from ["src/cljs" "src/cljc" "env/dev/cljs"]...[0m
[32mSuccessfully compiled "target/cljsbuild/public/js/app.js" in 0.25 seconds.[0m
notifying browser that file changed:  out/conlang/core.js
[0mCompiling "target/cljsbuild/public/js/app.js" from ["src/cljs" "src/cljc" "env/dev/cljs"]...[0m
[32mSuccessfully compiled "target/cljsbuild/public/js/app.js" in 0.251 seconds.[0m
notifying browser that file changed:  out/conlang/core.js
[0mCompiling "target/cljsbuild/public/js/app.js" from ["src/cljs" "src/cljc" "env/dev/cljs"]...[0m
[32mSuccessfully compiled "target/cljsbuild/public/js/app.js" in 0.263 seconds.[0m
notifying browser that file changed:  out/conlang/core.js
[0mCompiling "target/cljsbuild/public/js/app.js" from ["src/cljs" "src/cljc" "env/dev/cljs"]...[0m
[32mSuccessfully compiled "target/cljsbuild/public/js/app.js" in 0.279 seconds.[0m
notifying browser that file changed:  out/conlang/core.js
[0mCompiling "target/cljsbuild/public/js/app.js" from ["src/cljs" "src/cljc" "env/dev/cljs"]...[0m
[32mSuccessfully compiled "target/cljsbuild/public/js/app.js" in 0.244 seconds.[0m
notifying browser that file changed:  out/conlang/core.js
[0mCompiling "target/cljsbuild/public/js/app.js" from ["src/cljs" "src/cljc" "env/dev/cljs"]...[0m
[32mSuccessfully compiled "target/cljsbuild/public/js/app.js" in 0.288 seconds.[0m
notifying browser that file changed:  out/conlang/core.js
[0mCompiling "target/cljsbuild/public/js/app.js" from ["src/cljs" "src/cljc" "env/dev/cljs"]...[0m
[32mSuccessfully compiled "target/cljsbuild/public/js/app.js" in 0.291 seconds.[0m
notifying browser that file changed:  out/conlang/core.js
[0mCompiling "target/cljsbuild/public/js/app.js" from ["src/cljs" "src/cljc" "env/dev/cljs"]...[0m
[32mSuccessfully compiled "target/cljsbuild/public/js/app.js" in 0.295 seconds.[0m
notifying browser that file changed:  out/conlang/core.js
[0mCompiling "target/cljsbuild/public/js/app.js" from ["src/cljs" "src/cljc" "env/dev/cljs"]...[0m
[32mSuccessfully compiled "target/cljsbuild/public/js/app.js" in 0.268 seconds.[0m
notifying browser that file changed:  out/conlang/core.js
[0mCompiling "target/cljsbuild/public/js/app.js" from ["src/cljs" "src/cljc" "env/dev/cljs"]...[0m
[32mSuccessfully compiled "target/cljsbuild/public/js/app.js" in 0.256 seconds.[0m
notifying browser that file changed:  out/conlang/core.js
[0mCompiling "target/cljsbuild/public/js/app.js" from ["src/cljs" "src/cljc" "env/dev/cljs"]...[0m
[32mSuccessfully compiled "target/cljsbuild/public/js/app.js" in 0.257 seconds.[0m
notifying browser that file changed:  out/conlang/core.js
[0mCompiling "target/cljsbuild/public/js/app.js" from ["src/cljs" "src/cljc" "env/dev/cljs"]...[0m
[32mSuccessfully compiled "target/cljsbuild/public/js/app.js" in 0.261 seconds.[0m
notifying browser that file changed:  out/conlang/core.js
[0mCompiling "target/cljsbuild/public/js/app.js" from ["src/cljs" "src/cljc" "env/dev/cljs"]...[0m
[32mSuccessfully compiled "target/cljsbuild/public/js/app.js" in 0.265 seconds.[0m
notifying browser that file changed:  out/conlang/core.js
[0mCompiling "target/cljsbuild/public/js/app.js" from ["src/cljs" "src/cljc" "env/dev/cljs"]...[0m
[32mSuccessfully compiled "target/cljsbuild/public/js/app.js" in 0.25 seconds.[0m
notifying browser that file changed:  out/conlang/core.js
[0mCompiling "target/cljsbuild/public/js/app.js" from ["src/cljs" "src/cljc" "env/dev/cljs"]...[0m
[32mSuccessfully compiled "target/cljsbuild/public/js/app.js" in 0.249 seconds.[0m
notifying browser that file changed:  out/conlang/core.js
[0mCompiling "target/cljsbuild/public/js/app.js" from ["src/cljs" "src/cljc" "env/dev/cljs"]...[0m
[32mSuccessfully compiled "target/cljsbuild/public/js/app.js" in 0.293 seconds.[0m
notifying browser that file changed:  out/conlang/core.js
[0mCompiling "target/cljsbuild/public/js/app.js" from ["src/cljs" "src/cljc" "env/dev/cljs"]...[0m
[32mSuccessfully compiled "target/cljsbuild/public/js/app.js" in 0.285 seconds.[0m
notifying browser that file changed:  out/conlang/core.js
[0mCompiling "target/cljsbuild/public/js/app.js" from ["src/cljs" "src/cljc" "env/dev/cljs"]...[0m
[32mSuccessfully compiled "target/cljsbuild/public/js/app.js" in 0.292 seconds.[0m
notifying browser that file changed:  out/conlang/core.js
[0mCompiling "target/cljsbuild/public/js/app.js" from ["src/cljs" "src/cljc" "env/dev/cljs"]...[0m
[32mSuccessfully compiled "target/cljsbuild/public/js/app.js" in 0.277 seconds.[0m
notifying browser that file changed:  out/conlang/core.js
[0mCompiling "target/cljsbuild/public/js/app.js" from ["src/cljs" "src/cljc" "env/dev/cljs"]...[0m
[32mSuccessfully compiled "target/cljsbuild/public/js/app.js" in 0.308 seconds.[0m
notifying browser that file changed:  out/conlang/core.js
[0mCompiling "target/cljsbuild/public/js/app.js" from ["src/cljs" "src/cljc" "env/dev/cljs"]...[0m
[32mSuccessfully compiled "target/cljsbuild/public/js/app.js" in 0.271 seconds.[0m
notifying browser that file changed:  out/conlang/core.js
[0mCompiling "target/cljsbuild/public/js/app.js" from ["src/cljs" "src/cljc" "env/dev/cljs"]...[0m
[32mSuccessfully compiled "target/cljsbuild/public/js/app.js" in 0.377 seconds.[0m
notifying browser that file changed:  out/conlang/core.js
[0mCompiling "target/cljsbuild/public/js/app.js" from ["src/cljs" "src/cljc" "env/dev/cljs"]...[0m
[32mSuccessfully compiled "target/cljsbuild/public/js/app.js" in 0.263 seconds.[0m
notifying browser that file changed:  out/conlang/core.js
[0mCompiling "target/cljsbuild/public/js/app.js" from ["src/cljs" "src/cljc" "env/dev/cljs"]...[0m
[32mSuccessfully compiled "target/cljsbuild/public/js/app.js" in 0.286 seconds.[0m
notifying browser that file changed:  out/conlang/core.js
[0mCompiling "target/cljsbuild/public/js/app.js" from ["src/cljs" "src/cljc" "env/dev/cljs"]...[0m
[32mSuccessfully compiled "target/cljsbuild/public/js/app.js" in 0.294 seconds.[0m
notifying browser that file changed:  out/conlang/core.js
[0mCompiling "target/cljsbuild/public/js/app.js" from ["src/cljs" "src/cljc" "env/dev/cljs"]...[0m
[32mSuccessfully compiled "target/cljsbuild/public/js/app.js" in 0.275 seconds.[0m
notifying browser that file changed:  out/conlang/core.js
[0mCompiling "target/cljsbuild/public/js/app.js" from ["src/cljs" "src/cljc" "env/dev/cljs"]...[0m
[32mSuccessfully compiled "target/cljsbuild/public/js/app.js" in 0.252 seconds.[0m
notifying browser that file changed:  out/conlang/core.js
[0mCompiling "target/cljsbuild/public/js/app.js" from ["src/cljs" "src/cljc" "env/dev/cljs"]...[0m
[32mSuccessfully compiled "target/cljsbuild/public/js/app.js" in 0.246 seconds.[0m
notifying browser that file changed:  out/conlang/core.js
[0mCompiling "target/cljsbuild/public/js/app.js" from ["src/cljs" "src/cljc" "env/dev/cljs"]...[0m
[32mSuccessfully compiled "target/cljsbuild/public/js/app.js" in 0.266 seconds.[0m
notifying browser that file changed:  out/conlang/core.js
[0mCompiling "target/cljsbuild/public/js/app.js" from ["src/cljs" "src/cljc" "env/dev/cljs"]...[0m
[32mSuccessfully compiled "target/cljsbuild/public/js/app.js" in 0.252 seconds.[0m
notifying browser that file changed:  out/conlang/core.js
[0mCompiling "target/cljsbuild/public/js/app.js" from ["src/cljs" "src/cljc" "env/dev/cljs"]...[0m
[32mSuccessfully compiled "target/cljsbuild/public/js/app.js" in 0.288 seconds.[0m
notifying browser that file changed:  out/conlang/core.js
[0mCompiling "target/cljsbuild/public/js/app.js" from ["src/cljs" "src/cljc" "env/dev/cljs"]...[0m
[32mSuccessfully compiled "target/cljsbuild/public/js/app.js" in 0.331 seconds.[0m
notifying browser that file changed:  out/conlang/core.js
[0mCompiling "target/cljsbuild/public/js/app.js" from ["src/cljs" "src/cljc" "env/dev/cljs"]...[0m
[32mSuccessfully compiled "target/cljsbuild/public/js/app.js" in 0.284 seconds.[0m
notifying browser that file changed:  out/conlang/core.js
[0mCompiling "target/cljsbuild/public/js/app.js" from ["src/cljs" "src/cljc" "env/dev/cljs"]...[0m
[32mSuccessfully compiled "target/cljsbuild/public/js/app.js" in 0.234 seconds.[0m
notifying browser that file changed:  out/conlang/core.js
[0mCompiling "target/cljsbuild/public/js/app.js" from ["src/cljs" "src/cljc" "env/dev/cljs"]...[0m
[32mSuccessfully compiled "target/cljsbuild/public/js/app.js" in 0.255 seconds.[0m
notifying browser that file changed:  out/conlang/core.js
[0mCompiling "target/cljsbuild/public/js/app.js" from ["src/cljs" "src/cljc" "env/dev/cljs"]...[0m
[32mSuccessfully compiled "target/cljsbuild/public/js/app.js" in 0.269 seconds.[0m
notifying browser that file changed:  out/conlang/core.js
[0mCompiling "target/cljsbuild/public/js/app.js" from ["src/cljs" "src/cljc" "env/dev/cljs"]...[0m
[32mSuccessfully compiled "target/cljsbuild/public/js/app.js" in 0.34 seconds.[0m
notifying browser that file changed:  out/conlang/core.js
[0mCompiling "target/cljsbuild/public/js/app.js" from ["src/cljs" "src/cljc" "env/dev/cljs"]...[0m
[32mSuccessfully compiled "target/cljsbuild/public/js/app.js" in 0.414 seconds.[0m
notifying browser that file changed:  out/conlang/core.js
[0mCompiling "target/cljsbuild/public/js/app.js" from ["src/cljs" "src/cljc" "env/dev/cljs"]...[0m
[32mSuccessfully compiled "target/cljsbuild/public/js/app.js" in 0.384 seconds.[0m
notifying browser that file changed:  out/conlang/core.js
[0mCompiling "target/cljsbuild/public/js/app.js" from ["src/cljs" "src/cljc" "env/dev/cljs"]...[0m
[32mSuccessfully compiled "target/cljsbuild/public/js/app.js" in 0.392 seconds.[0m
notifying browser that file changed:  out/conlang/core.js
[0mCompiling "target/cljsbuild/public/js/app.js" from ["src/cljs" "src/cljc" "env/dev/cljs"]...[0m
[32mSuccessfully compiled "target/cljsbuild/public/js/app.js" in 0.266 seconds.[0m
notifying browser that file changed:  out/conlang/core.js
[0mCompiling "target/cljsbuild/public/js/app.js" from ["src/cljs" "src/cljc" "env/dev/cljs"]...[0m
[32mSuccessfully compiled "target/cljsbuild/public/js/app.js" in 0.278 seconds.[0m
notifying browser that file changed:  out/conlang/core.js
[0mCompiling "target/cljsbuild/public/js/app.js" from ["src/cljs" "src/cljc" "env/dev/cljs"]...[0m
[32mSuccessfully compiled "target/cljsbuild/public/js/app.js" in 0.283 seconds.[0m
notifying browser that file changed:  out/conlang/core.js
[0mCompiling "target/cljsbuild/public/js/app.js" from ["src/cljs" "src/cljc" "env/dev/cljs"]...[0m
[32mSuccessfully compiled "target/cljsbuild/public/js/app.js" in 0.393 seconds.[0m
notifying browser that file changed:  out/conlang/core.js
[0mCompiling "target/cljsbuild/public/js/app.js" from ["src/cljs" "src/cljc" "env/dev/cljs"]...[0m
[32mSuccessfully compiled "target/cljsbuild/public/js/app.js" in 0.289 seconds.[0m
notifying browser that file changed:  out/conlang/core.js
[0mCompiling "target/cljsbuild/public/js/app.js" from ["src/cljs" "src/cljc" "env/dev/cljs"]...[0m
[32mSuccessfully compiled "target/cljsbuild/public/js/app.js" in 0.36 seconds.[0m
notifying browser that file changed:  out/conlang/core.js
[0mCompiling "target/cljsbuild/public/js/app.js" from ["src/cljs" "src/cljc" "env/dev/cljs"]...[0m
[32mSuccessfully compiled "target/cljsbuild/public/js/app.js" in 0.249 seconds.[0m
notifying browser that file changed:  out/conlang/core.js
[0mCompiling "target/cljsbuild/public/js/app.js" from ["src/cljs" "src/cljc" "env/dev/cljs"]...[0m
[32mSuccessfully compiled "target/cljsbuild/public/js/app.js" in 0.256 seconds.[0m
notifying browser that file changed:  out/conlang/core.js
[0mCompiling "target/cljsbuild/public/js/app.js" from ["src/cljs" "src/cljc" "env/dev/cljs"]...[0m
[32mSuccessfully compiled "target/cljsbuild/public/js/app.js" in 0.265 seconds.[0m
notifying browser that file changed:  out/conlang/core.js
[0mCompiling "target/cljsbuild/public/js/app.js" from ["src/cljs" "src/cljc" "env/dev/cljs"]...[0m
[32mSuccessfully compiled "target/cljsbuild/public/js/app.js" in 0.302 seconds.[0m
notifying browser that file changed:  out/conlang/core.js
[0mCompiling "target/cljsbuild/public/js/app.js" from ["src/cljs" "src/cljc" "env/dev/cljs"]...[0m
[32mSuccessfully compiled "target/cljsbuild/public/js/app.js" in 0.318 seconds.[0m
notifying browser that file changed:  out/conlang/core.js
[0mCompiling "target/cljsbuild/public/js/app.js" from ["src/cljs" "src/cljc" "env/dev/cljs"]...[0m
[32mSuccessfully compiled "target/cljsbuild/public/js/app.js" in 0.393 seconds.[0m
notifying browser that file changed:  out/conlang/core.js
[0mCompiling "target/cljsbuild/public/js/app.js" from ["src/cljs" "src/cljc" "env/dev/cljs"]...[0m
[32mSuccessfully compiled "target/cljsbuild/public/js/app.js" in 0.255 seconds.[0m
notifying browser that file changed:  out/conlang/core.js
[0mCompiling "target/cljsbuild/public/js/app.js" from ["src/cljs" "src/cljc" "env/dev/cljs"]...[0m
[32mSuccessfully compiled "target/cljsbuild/public/js/app.js" in 0.3 seconds.[0m
notifying browser that file changed:  out/conlang/core.js
[0mCompiling "target/cljsbuild/public/js/app.js" from ["src/cljs" "src/cljc" "env/dev/cljs"]...[0m
[32mSuccessfully compiled "target/cljsbuild/public/js/app.js" in 0.417 seconds.[0m
notifying browser that file changed:  out/conlang/core.js
[0mCompiling "target/cljsbuild/public/js/app.js" from ["src/cljs" "src/cljc" "env/dev/cljs"]...[0m
[32mSuccessfully compiled "target/cljsbuild/public/js/app.js" in 0.308 seconds.[0m
notifying browser that file changed:  out/conlang/core.js
[0mCompiling "target/cljsbuild/public/js/app.js" from ["src/cljs" "src/cljc" "env/dev/cljs"]...[0m
[32mSuccessfully compiled "target/cljsbuild/public/js/app.js" in 0.292 seconds.[0m
notifying browser that file changed:  out/conlang/core.js
[0mCompiling "target/cljsbuild/public/js/app.js" from ["src/cljs" "src/cljc" "env/dev/cljs"]...[0m
[32mSuccessfully compiled "target/cljsbuild/public/js/app.js" in 0.295 seconds.[0m
notifying browser that file changed:  out/conlang/core.js
[0mCompiling "target/cljsbuild/public/js/app.js" from ["src/cljs" "src/cljc" "env/dev/cljs"]...[0m
[32mSuccessfully compiled "target/cljsbuild/public/js/app.js" in 0.338 seconds.[0m
notifying browser that file changed:  out/conlang/core.js
[0mCompiling "target/cljsbuild/public/js/app.js" from ["src/cljs" "src/cljc" "env/dev/cljs"]...[0m
[32mSuccessfully compiled "target/cljsbuild/public/js/app.js" in 0.319 seconds.[0m
notifying browser that file changed:  out/conlang/core.js
[0mCompiling "target/cljsbuild/public/js/app.js" from ["src/cljs" "src/cljc" "env/dev/cljs"]...[0m
[32mSuccessfully compiled "target/cljsbuild/public/js/app.js" in 0.254 seconds.[0m
notifying browser that file changed:  out/conlang/core.js
[0mCompiling "target/cljsbuild/public/js/app.js" from ["src/cljs" "src/cljc" "env/dev/cljs"]...[0m
[32mSuccessfully compiled "target/cljsbuild/public/js/app.js" in 0.3 seconds.[0m
notifying browser that file changed:  out/conlang/core.js
[0mCompiling "target/cljsbuild/public/js/app.js" from ["src/cljs" "src/cljc" "env/dev/cljs"]...[0m
[32mSuccessfully compiled "target/cljsbuild/public/js/app.js" in 0.354 seconds.[0m
notifying browser that file changed:  out/conlang/core.js
[0mCompiling "target/cljsbuild/public/js/app.js" from ["src/cljs" "src/cljc" "env/dev/cljs"]...[0m
[32mSuccessfully compiled "target/cljsbuild/public/js/app.js" in 0.252 seconds.[0m
notifying browser that file changed:  out/conlang/core.js
[0mCompiling "target/cljsbuild/public/js/app.js" from ["src/cljs" "src/cljc" "env/dev/cljs"]...[0m
[32mSuccessfully compiled "target/cljsbuild/public/js/app.js" in 0.362 seconds.[0m
notifying browser that file changed:  out/conlang/core.js
[0mCompiling "target/cljsbuild/public/js/app.js" from ["src/cljs" "src/cljc" "env/dev/cljs"]...[0m
[32mSuccessfully compiled "target/cljsbuild/public/js/app.js" in 0.256 seconds.[0m
notifying browser that file changed:  out/conlang/core.js
[0mCompiling "target/cljsbuild/public/js/app.js" from ["src/cljs" "src/cljc" "env/dev/cljs"]...[0m
[32mSuccessfully compiled "target/cljsbuild/public/js/app.js" in 0.266 seconds.[0m
notifying browser that file changed:  out/conlang/core.js
[0mCompiling "target/cljsbuild/public/js/app.js" from ["src/cljs" "src/cljc" "env/dev/cljs"]...[0m
[32mSuccessfully compiled "target/cljsbuild/public/js/app.js" in 0.26 seconds.[0m
notifying browser that file changed:  out/conlang/core.js
[0mCompiling "target/cljsbuild/public/js/app.js" from ["src/cljs" "src/cljc" "env/dev/cljs"]...[0m
[32mSuccessfully compiled "target/cljsbuild/public/js/app.js" in 0.359 seconds.[0m
notifying browser that file changed:  out/conlang/core.js
[0mCompiling "target/cljsbuild/public/js/app.js" from ["src/cljs" "src/cljc" "env/dev/cljs"]...[0m
[32mSuccessfully compiled "target/cljsbuild/public/js/app.js" in 0.285 seconds.[0m
notifying browser that file changed:  out/conlang/core.js
[0mCompiling "target/cljsbuild/public/js/app.js" from ["src/cljs" "src/cljc" "env/dev/cljs"]...[0m
[32mSuccessfully compiled "target/cljsbuild/public/js/app.js" in 0.279 seconds.[0m
notifying browser that file changed:  out/conlang/core.js
[0mCompiling "target/cljsbuild/public/js/app.js" from ["src/cljs" "src/cljc" "env/dev/cljs"]...[0m
[32mSuccessfully compiled "target/cljsbuild/public/js/app.js" in 0.256 seconds.[0m
notifying browser that file changed:  out/conlang/core.js
[0mCompiling "target/cljsbuild/public/js/app.js" from ["src/cljs" "src/cljc" "env/dev/cljs"]...[0m
[32mSuccessfully compiled "target/cljsbuild/public/js/app.js" in 0.228 seconds.[0m
notifying browser that file changed:  out/conlang/core.js
[0mCompiling "target/cljsbuild/public/js/app.js" from ["src/cljs" "src/cljc" "env/dev/cljs"]...[0m
[32mSuccessfully compiled "target/cljsbuild/public/js/app.js" in 0.26 seconds.[0m
notifying browser that file changed:  out/conlang/core.js
[0mCompiling "target/cljsbuild/public/js/app.js" from ["src/cljs" "src/cljc" "env/dev/cljs"]...[0m
[32mSuccessfully compiled "target/cljsbuild/public/js/app.js" in 0.278 seconds.[0m
notifying browser that file changed:  out/conlang/core.js
[0mCompiling "target/cljsbuild/public/js/app.js" from ["src/cljs" "src/cljc" "env/dev/cljs"]...[0m
[32mSuccessfully compiled "target/cljsbuild/public/js/app.js" in 0.405 seconds.[0m
notifying browser that file changed:  out/conlang/core.js
[0mCompiling "target/cljsbuild/public/js/app.js" from ["src/cljs" "src/cljc" "env/dev/cljs"]...[0m
[32mSuccessfully compiled "target/cljsbuild/public/js/app.js" in 0.242 seconds.[0m
notifying browser that file changed:  out/conlang/core.js
[0mCompiling "target/cljsbuild/public/js/app.js" from ["src/cljs" "src/cljc" "env/dev/cljs"]...[0m
[32mSuccessfully compiled "target/cljsbuild/public/js/app.js" in 0.29 seconds.[0m
notifying browser that file changed:  out/conlang/core.js
[0mCompiling "target/cljsbuild/public/js/app.js" from ["src/cljs" "src/cljc" "env/dev/cljs"]...[0m
[32mSuccessfully compiled "target/cljsbuild/public/js/app.js" in 0.25 seconds.[0m
notifying browser that file changed:  out/conlang/core.js
[0mCompiling "target/cljsbuild/public/js/app.js" from ["src/cljs" "src/cljc" "env/dev/cljs"]...[0m
[32mSuccessfully compiled "target/cljsbuild/public/js/app.js" in 0.246 seconds.[0m
notifying browser that file changed:  out/conlang/core.js
[0mCompiling "target/cljsbuild/public/js/app.js" from ["src/cljs" "src/cljc" "env/dev/cljs"]...[0m
[32mSuccessfully compiled "target/cljsbuild/public/js/app.js" in 0.261 seconds.[0m
notifying browser that file changed:  out/conlang/core.js
[0mCompiling "target/cljsbuild/public/js/app.js" from ["src/cljs" "src/cljc" "env/dev/cljs"]...[0m
[32mSuccessfully compiled "target/cljsbuild/public/js/app.js" in 0.343 seconds.[0m
notifying browser that file changed:  out/conlang/core.js
[0mCompiling "target/cljsbuild/public/js/app.js" from ["src/cljs" "src/cljc" "env/dev/cljs"]...[0m
[32mSuccessfully compiled "target/cljsbuild/public/js/app.js" in 0.294 seconds.[0m
notifying browser that file changed:  out/conlang/core.js
[0mCompiling "target/cljsbuild/public/js/app.js" from ["src/cljs" "src/cljc" "env/dev/cljs"]...[0m
[32mSuccessfully compiled "target/cljsbuild/public/js/app.js" in 0.275 seconds.[0m
notifying browser that file changed:  out/conlang/core.js
[0mCompiling "target/cljsbuild/public/js/app.js" from ["src/cljs" "src/cljc" "env/dev/cljs"]...[0m
[32mSuccessfully compiled "target/cljsbuild/public/js/app.js" in 0.244 seconds.[0m
notifying browser that file changed:  out/conlang/core.js
[0mCompiling "target/cljsbuild/public/js/app.js" from ["src/cljs" "src/cljc" "env/dev/cljs"]...[0m
[32mSuccessfully compiled "target/cljsbuild/public/js/app.js" in 0.284 seconds.[0m
notifying browser that file changed:  out/conlang/core.js
[0mCompiling "target/cljsbuild/public/js/app.js" from ["src/cljs" "src/cljc" "env/dev/cljs"]...[0m
[32mSuccessfully compiled "target/cljsbuild/public/js/app.js" in 0.266 seconds.[0m
notifying browser that file changed:  out/conlang/core.js
[0mCompiling "target/cljsbuild/public/js/app.js" from ["src/cljs" "src/cljc" "env/dev/cljs"]...[0m
[32mSuccessfully compiled "target/cljsbuild/public/js/app.js" in 0.275 seconds.[0m
notifying browser that file changed:  out/conlang/core.js
[0mCompiling "target/cljsbuild/public/js/app.js" from ["src/cljs" "src/cljc" "env/dev/cljs"]...[0m
[32mSuccessfully compiled "target/cljsbuild/public/js/app.js" in 0.244 seconds.[0m
notifying browser that file changed:  out/conlang/core.js
[0mCompiling "target/cljsbuild/public/js/app.js" from ["src/cljs" "src/cljc" "env/dev/cljs"]...[0m
[32mSuccessfully compiled "target/cljsbuild/public/js/app.js" in 0.298 seconds.[0m
notifying browser that file changed:  out/conlang/core.js
[0mCompiling "target/cljsbuild/public/js/app.js" from ["src/cljs" "src/cljc" "env/dev/cljs"]...[0m
[32mSuccessfully compiled "target/cljsbuild/public/js/app.js" in 0.24 seconds.[0m
notifying browser that file changed:  out/conlang/core.js
[0mCompiling "target/cljsbuild/public/js/app.js" from ["src/cljs" "src/cljc" "env/dev/cljs"]...[0m
[32mSuccessfully compiled "target/cljsbuild/public/js/app.js" in 0.247 seconds.[0m
notifying browser that file changed:  out/conlang/core.js
[0mCompiling "target/cljsbuild/public/js/app.js" from ["src/cljs" "src/cljc" "env/dev/cljs"]...[0m
[32mSuccessfully compiled "target/cljsbuild/public/js/app.js" in 0.239 seconds.[0m
notifying browser that file changed:  out/conlang/core.js
[0mCompiling "target/cljsbuild/public/js/app.js" from ["src/cljs" "src/cljc" "env/dev/cljs"]...[0m
[32mSuccessfully compiled "target/cljsbuild/public/js/app.js" in 0.245 seconds.[0m
notifying browser that file changed:  out/conlang/core.js
[0mCompiling "target/cljsbuild/public/js/app.js" from ["src/cljs" "src/cljc" "env/dev/cljs"]...[0m
[32mSuccessfully compiled "target/cljsbuild/public/js/app.js" in 0.259 seconds.[0m
notifying browser that file changed:  out/conlang/core.js
[0mCompiling "target/cljsbuild/public/js/app.js" from ["src/cljs" "src/cljc" "env/dev/cljs"]...[0m
[32mSuccessfully compiled "target/cljsbuild/public/js/app.js" in 0.263 seconds.[0m
notifying browser that file changed:  out/conlang/core.js
[0mCompiling "target/cljsbuild/public/js/app.js" from ["src/cljs" "src/cljc" "env/dev/cljs"]...[0m
[32mSuccessfully compiled "target/cljsbuild/public/js/app.js" in 0.245 seconds.[0m
notifying browser that file changed:  out/conlang/core.js
[0mCompiling "target/cljsbuild/public/js/app.js" from ["src/cljs" "src/cljc" "env/dev/cljs"]...[0m
[32mSuccessfully compiled "target/cljsbuild/public/js/app.js" in 0.244 seconds.[0m
notifying browser that file changed:  out/conlang/core.js
[0mCompiling "target/cljsbuild/public/js/app.js" from ["src/cljs" "src/cljc" "env/dev/cljs"]...[0m
[32mSuccessfully compiled "target/cljsbuild/public/js/app.js" in 0.281 seconds.[0m
notifying browser that file changed:  out/conlang/core.js
[0mCompiling "target/cljsbuild/public/js/app.js" from ["src/cljs" "src/cljc" "env/dev/cljs"]...[0m
[32mSuccessfully compiled "target/cljsbuild/public/js/app.js" in 0.317 seconds.[0m
notifying browser that file changed:  out/conlang/core.js
[0mCompiling "target/cljsbuild/public/js/app.js" from ["src/cljs" "src/cljc" "env/dev/cljs"]...[0m
[32mSuccessfully compiled "target/cljsbuild/public/js/app.js" in 0.256 seconds.[0m
notifying browser that file changed:  out/conlang/core.js
[0mCompiling "target/cljsbuild/public/js/app.js" from ["src/cljs" "src/cljc" "env/dev/cljs"]...[0m
[32mSuccessfully compiled "target/cljsbuild/public/js/app.js" in 0.3 seconds.[0m
notifying browser that file changed:  out/conlang/core.js
[0mCompiling "target/cljsbuild/public/js/app.js" from ["src/cljs" "src/cljc" "env/dev/cljs"]...[0m
[32mSuccessfully compiled "target/cljsbuild/public/js/app.js" in 0.376 seconds.[0m
notifying browser that file changed:  out/conlang/core.js
[0mCompiling "target/cljsbuild/public/js/app.js" from ["src/cljs" "src/cljc" "env/dev/cljs"]...[0m
[32mSuccessfully compiled "target/cljsbuild/public/js/app.js" in 0.246 seconds.[0m
notifying browser that file changed:  out/conlang/core.js
[0mCompiling "target/cljsbuild/public/js/app.js" from ["src/cljs" "src/cljc" "env/dev/cljs"]...[0m
[32mSuccessfully compiled "target/cljsbuild/public/js/app.js" in 0.27 seconds.[0m
notifying browser that file changed:  out/conlang/core.js
[0mCompiling "target/cljsbuild/public/js/app.js" from ["src/cljs" "src/cljc" "env/dev/cljs"]...[0m
[32mSuccessfully compiled "target/cljsbuild/public/js/app.js" in 0.259 seconds.[0m
notifying browser that file changed:  out/conlang/core.js
[0mCompiling "target/cljsbuild/public/js/app.js" from ["src/cljs" "src/cljc" "env/dev/cljs"]...[0m
[32mSuccessfully compiled "target/cljsbuild/public/js/app.js" in 0.242 seconds.[0m
notifying browser that file changed:  out/conlang/core.js
[0mCompiling "target/cljsbuild/public/js/app.js" from ["src/cljs" "src/cljc" "env/dev/cljs"]...[0m
[32mSuccessfully compiled "target/cljsbuild/public/js/app.js" in 0.314 seconds.[0m
notifying browser that file changed:  out/conlang/core.js
[0mCompiling "target/cljsbuild/public/js/app.js" from ["src/cljs" "src/cljc" "env/dev/cljs"]...[0m
[32mSuccessfully compiled "target/cljsbuild/public/js/app.js" in 0.24 seconds.[0m
notifying browser that file changed:  out/conlang/core.js
[0mCompiling "target/cljsbuild/public/js/app.js" from ["src/cljs" "src/cljc" "env/dev/cljs"]...[0m
[32mSuccessfully compiled "target/cljsbuild/public/js/app.js" in 0.251 seconds.[0m
notifying browser that file changed:  out/conlang/core.js
[0mCompiling "target/cljsbuild/public/js/app.js" from ["src/cljs" "src/cljc" "env/dev/cljs"]...[0m
[32mSuccessfully compiled "target/cljsbuild/public/js/app.js" in 0.242 seconds.[0m
notifying browser that file changed:  out/conlang/core.js
[0mCompiling "target/cljsbuild/public/js/app.js" from ["src/cljs" "src/cljc" "env/dev/cljs"]...[0m
[32mSuccessfully compiled "target/cljsbuild/public/js/app.js" in 0.325 seconds.[0m
notifying browser that file changed:  out/conlang/core.js
[0mCompiling "target/cljsbuild/public/js/app.js" from ["src/cljs" "src/cljc" "env/dev/cljs"]...[0m
[32mSuccessfully compiled "target/cljsbuild/public/js/app.js" in 0.33 seconds.[0m
notifying browser that file changed:  out/conlang/core.js
[0mCompiling "target/cljsbuild/public/js/app.js" from ["src/cljs" "src/cljc" "env/dev/cljs"]...[0m
[32mSuccessfully compiled "target/cljsbuild/public/js/app.js" in 0.25 seconds.[0m
notifying browser that file changed:  out/conlang/core.js
[0mCompiling "target/cljsbuild/public/js/app.js" from ["src/cljs" "src/cljc" "env/dev/cljs"]...[0m
[32mSuccessfully compiled "target/cljsbuild/public/js/app.js" in 0.319 seconds.[0m
notifying browser that file changed:  out/conlang/core.js
[0mCompiling "target/cljsbuild/public/js/app.js" from ["src/cljs" "src/cljc" "env/dev/cljs"]...[0m
[32mSuccessfully compiled "target/cljsbuild/public/js/app.js" in 0.249 seconds.[0m
notifying browser that file changed:  out/conlang/core.js
[0mCompiling "target/cljsbuild/public/js/app.js" from ["src/cljs" "src/cljc" "env/dev/cljs"]...[0m
[32mSuccessfully compiled "target/cljsbuild/public/js/app.js" in 0.286 seconds.[0m
notifying browser that file changed:  out/conlang/core.js
[0mCompiling "target/cljsbuild/public/js/app.js" from ["src/cljs" "src/cljc" "env/dev/cljs"]...[0m
[32mSuccessfully compiled "target/cljsbuild/public/js/app.js" in 0.284 seconds.[0m
notifying browser that file changed:  out/conlang/core.js
[0mCompiling "target/cljsbuild/public/js/app.js" from ["src/cljs" "src/cljc" "env/dev/cljs"]...[0m
[32mSuccessfully compiled "target/cljsbuild/public/js/app.js" in 0.26 seconds.[0m
notifying browser that file changed:  out/conlang/core.js
[0mCompiling "target/cljsbuild/public/js/app.js" from ["src/cljs" "src/cljc" "env/dev/cljs"]...[0m
[32mSuccessfully compiled "target/cljsbuild/public/js/app.js" in 0.314 seconds.[0m
notifying browser that file changed:  out/conlang/core.js
[0mCompiling "target/cljsbuild/public/js/app.js" from ["src/cljs" "src/cljc" "env/dev/cljs"]...[0m
[32mSuccessfully compiled "target/cljsbuild/public/js/app.js" in 0.286 seconds.[0m
notifying browser that file changed:  out/conlang/core.js
[0mCompiling "target/cljsbuild/public/js/app.js" from ["src/cljs" "src/cljc" "env/dev/cljs"]...[0m
[32mSuccessfully compiled "target/cljsbuild/public/js/app.js" in 0.289 seconds.[0m
notifying browser that file changed:  out/conlang/core.js
[0mCompiling "target/cljsbuild/public/js/app.js" from ["src/cljs" "src/cljc" "env/dev/cljs"]...[0m
[32mSuccessfully compiled "target/cljsbuild/public/js/app.js" in 0.249 seconds.[0m
notifying browser that file changed:  out/conlang/core.js
[0mCompiling "target/cljsbuild/public/js/app.js" from ["src/cljs" "src/cljc" "env/dev/cljs"]...[0m
[32mSuccessfully compiled "target/cljsbuild/public/js/app.js" in 0.255 seconds.[0m
notifying browser that file changed:  out/conlang/core.js
[0mCompiling "target/cljsbuild/public/js/app.js" from ["src/cljs" "src/cljc" "env/dev/cljs"]...[0m
[32mSuccessfully compiled "target/cljsbuild/public/js/app.js" in 0.248 seconds.[0m
notifying browser that file changed:  out/conlang/core.js
[0mCompiling "target/cljsbuild/public/js/app.js" from ["src/cljs" "src/cljc" "env/dev/cljs"]...[0m
[32mSuccessfully compiled "target/cljsbuild/public/js/app.js" in 0.306 seconds.[0m
notifying browser that file changed:  out/conlang/core.js
[0mCompiling "target/cljsbuild/public/js/app.js" from ["src/cljs" "src/cljc" "env/dev/cljs"]...[0m
[32mSuccessfully compiled "target/cljsbuild/public/js/app.js" in 0.287 seconds.[0m
notifying browser that file changed:  out/conlang/core.js
[0mCompiling "target/cljsbuild/public/js/app.js" from ["src/cljs" "src/cljc" "env/dev/cljs"]...[0m
[32mSuccessfully compiled "target/cljsbuild/public/js/app.js" in 0.277 seconds.[0m
notifying browser that file changed:  out/conlang/core.js
[0mCompiling "target/cljsbuild/public/js/app.js" from ["src/cljs" "src/cljc" "env/dev/cljs"]...[0m
[32mSuccessfully compiled "target/cljsbuild/public/js/app.js" in 0.299 seconds.[0m
notifying browser that file changed:  out/conlang/core.js
[0mCompiling "target/cljsbuild/public/js/app.js" from ["src/cljs" "src/cljc" "env/dev/cljs"]...[0m
[32mSuccessfully compiled "target/cljsbuild/public/js/app.js" in 0.302 seconds.[0m
notifying browser that file changed:  out/conlang/core.js
[0mCompiling "target/cljsbuild/public/js/app.js" from ["src/cljs" "src/cljc" "env/dev/cljs"]...[0m
[32mSuccessfully compiled "target/cljsbuild/public/js/app.js" in 0.26 seconds.[0m
notifying browser that file changed:  out/conlang/core.js
[0mCompiling "target/cljsbuild/public/js/app.js" from ["src/cljs" "src/cljc" "env/dev/cljs"]...[0m
[32mSuccessfully compiled "target/cljsbuild/public/js/app.js" in 0.274 seconds.[0m
notifying browser that file changed:  out/conlang/core.js
[0mCompiling "target/cljsbuild/public/js/app.js" from ["src/cljs" "src/cljc" "env/dev/cljs"]...[0m
[32mSuccessfully compiled "target/cljsbuild/public/js/app.js" in 0.291 seconds.[0m
notifying browser that file changed:  out/conlang/core.js
[0mCompiling "target/cljsbuild/public/js/app.js" from ["src/cljs" "src/cljc" "env/dev/cljs"]...[0m
[32mSuccessfully compiled "target/cljsbuild/public/js/app.js" in 0.256 seconds.[0m
notifying browser that file changed:  out/conlang/core.js
[0mCompiling "target/cljsbuild/public/js/app.js" from ["src/cljs" "src/cljc" "env/dev/cljs"]...[0m
[32mSuccessfully compiled "target/cljsbuild/public/js/app.js" in 0.269 seconds.[0m
notifying browser that file changed:  out/conlang/core.js
[0mCompiling "target/cljsbuild/public/js/app.js" from ["src/cljs" "src/cljc" "env/dev/cljs"]...[0m
[32mSuccessfully compiled "target/cljsbuild/public/js/app.js" in 0.257 seconds.[0m
notifying browser that file changed:  out/conlang/core.js
[0mCompiling "target/cljsbuild/public/js/app.js" from ["src/cljs" "src/cljc" "env/dev/cljs"]...[0m
[32mSuccessfully compiled "target/cljsbuild/public/js/app.js" in 0.346 seconds.[0m
notifying browser that file changed:  out/conlang/core.js
[0mCompiling "target/cljsbuild/public/js/app.js" from ["src/cljs" "src/cljc" "env/dev/cljs"]...[0m
[32mSuccessfully compiled "target/cljsbuild/public/js/app.js" in 0.363 seconds.[0m
notifying browser that file changed:  out/conlang/core.js
